<?xml version="1.0" encoding="UTF-8"?>
<robot generator="Robot 6.0.1 (Python 3.11.1 on win32)" generated="20221230 16:29:37.290" rpa="false" schemaversion="3">
<suite id="s1" name="UserStories1 &amp; UserStories2 &amp; UserStories4 &amp; UserStories5">
<suite id="s1-s1" name="UserStories1" source="C:\Users\dlimt\PycharmProjects\test\TestCases\UserStories1.robot">
<test id="s1-s1-t1" name="Act1_Natid_empty" line="14">
<kw name="Create Session" library="RequestsLibrary">
<arg>mysession</arg>
<arg>${base_url}</arg>
<doc>Create Session: create a HTTP session to a server</doc>
<msg timestamp="20221230 16:29:37.352" level="INFO">Creating Session using : alias=mysession, url=http://localhost:8080, headers={},                     cookies={}, auth=None, timeout=None, proxies=None, verify=False,                     debug=0 </msg>
<status status="PASS" starttime="20221230 16:29:37.352" endtime="20221230 16:29:37.352"/>
</kw>
<kw name="Create Dictionary" library="BuiltIn">
<var>${body}</var>
<arg>birthday=01012001</arg>
<arg>gender=m</arg>
<arg>name=superman</arg>
<arg>natid=</arg>
<arg>salary=100000</arg>
<arg>tax=0</arg>
<doc>Creates and returns a dictionary based on the given ``items``.</doc>
<msg timestamp="20221230 16:29:37.352" level="INFO">${body} = {'birthday': '01012001', 'gender': 'm', 'name': 'superman', 'natid': '', 'salary': '100000', 'tax': '0'}</msg>
<status status="PASS" starttime="20221230 16:29:37.352" endtime="20221230 16:29:37.352"/>
</kw>
<kw name="Create Dictionary" library="BuiltIn">
<var>${header}</var>
<arg>Content-Type=application/json</arg>
<arg>accept=*/*</arg>
<doc>Creates and returns a dictionary based on the given ``items``.</doc>
<msg timestamp="20221230 16:29:37.352" level="INFO">${header} = {'Content-Type': 'application/json', 'accept': '*/*'}</msg>
<status status="PASS" starttime="20221230 16:29:37.352" endtime="20221230 16:29:37.352"/>
</kw>
<kw name="Post Request" library="RequestsLibrary">
<var>${response}</var>
<arg>mysession</arg>
<arg>${api_url}</arg>
<arg>data=${body}</arg>
<arg>headers=${header}</arg>
<doc>*DEPRECATED* Please use `POST On Session` instead.</doc>
<msg timestamp="20221230 16:29:37.352" level="WARN">Keyword 'RequestsLibrary.Post Request' is deprecated. Please use `POST On Session` instead.</msg>
<msg timestamp="20221230 16:29:37.358" level="INFO">POST Request : url=http://localhost:8080/calculator/insert 
 path_url=/calculator/insert 
 headers={'User-Agent': 'python-requests/2.28.1', 'Accept-Encoding': 'gzip, deflate', 'accept': '*/*', 'Connection': 'keep-alive', 'Content-Type': 'application/json', 'Content-Length': '104'} 
 body={"birthday": "01012001", "gender": "m", "name": "superman", "natid": "", "salary": "100000", "tax": "0"} 
 </msg>
<msg timestamp="20221230 16:29:37.358" level="INFO">POST Response : url=http://localhost:8080/calculator/insert 
 status=202, reason= 
 headers={'Content-Type': 'text/plain;charset=UTF-8', 'Content-Length': '7', 'Date': 'Fri, 30 Dec 2022 08:29:37 GMT'} 
 body=Alright 
 </msg>
<msg timestamp="20221230 16:29:37.358" level="INFO">${response} = &lt;Response [202]&gt;</msg>
<status status="PASS" starttime="20221230 16:29:37.352" endtime="20221230 16:29:37.358"/>
</kw>
<kw name="Convert To String" library="BuiltIn">
<var>${status_code}</var>
<arg>${response.status_code}</arg>
<doc>Converts the given item to a Unicode string.</doc>
<msg timestamp="20221230 16:29:37.359" level="INFO">${status_code} = 202</msg>
<status status="PASS" starttime="20221230 16:29:37.358" endtime="20221230 16:29:37.359"/>
</kw>
<kw name="Log To Console" library="BuiltIn">
<arg>natid cannot be empty</arg>
<doc>Logs the given message to the console.</doc>
<status status="PASS" starttime="20221230 16:29:37.359" endtime="20221230 16:29:37.359"/>
</kw>
<kw name="Should Be Equal" library="BuiltIn">
<arg>${status_code}</arg>
<arg>500</arg>
<doc>Fails if the given objects are unequal.</doc>
<msg timestamp="20221230 16:29:37.359" level="FAIL">202 != 500</msg>
<status status="FAIL" starttime="20221230 16:29:37.359" endtime="20221230 16:29:37.359"/>
</kw>
<kw name="Post Request" library="RequestsLibrary" type="TEARDOWN">
<arg>mysession</arg>
<arg>${clear_db_url}</arg>
<doc>*DEPRECATED* Please use `POST On Session` instead.</doc>
<msg timestamp="20221230 16:29:37.359" level="WARN">Keyword 'RequestsLibrary.Post Request' is deprecated. Please use `POST On Session` instead.</msg>
<msg timestamp="20221230 16:29:37.361" level="INFO">POST Request : url=http://localhost:8080/calculator/rakeDatabase 
 path_url=/calculator/rakeDatabase 
 headers={'User-Agent': 'python-requests/2.28.1', 'Accept-Encoding': 'gzip, deflate', 'Accept': '*/*', 'Connection': 'keep-alive', 'Content-Length': '0'} 
 body=None 
 </msg>
<msg timestamp="20221230 16:29:37.361" level="INFO">POST Response : url=http://localhost:8080/calculator/rakeDatabase 
 status=200, reason= 
 headers={'Content-Type': 'text/plain;charset=UTF-8', 'Content-Length': '21', 'Date': 'Fri, 30 Dec 2022 08:29:37 GMT'} 
 body=Successfully raked DB 
 </msg>
<status status="PASS" starttime="20221230 16:29:37.359" endtime="20221230 16:29:37.361"/>
</kw>
<status status="FAIL" starttime="20221230 16:29:37.352" endtime="20221230 16:29:37.361">202 != 500</status>
</test>
<test id="s1-s1-t2" name="Act1_Natid_less_than_3_character" line="25">
<kw name="Create Session" library="RequestsLibrary">
<arg>mysession</arg>
<arg>${base_url}</arg>
<doc>Create Session: create a HTTP session to a server</doc>
<msg timestamp="20221230 16:29:37.362" level="INFO">Creating Session using : alias=mysession, url=http://localhost:8080, headers={},                     cookies={}, auth=None, timeout=None, proxies=None, verify=False,                     debug=0 </msg>
<status status="PASS" starttime="20221230 16:29:37.362" endtime="20221230 16:29:37.362"/>
</kw>
<kw name="Create Dictionary" library="BuiltIn">
<var>${body}</var>
<arg>birthday=01012001</arg>
<arg>gender=m</arg>
<arg>name=superman</arg>
<arg>natid=abc</arg>
<arg>salary=100000</arg>
<arg>tax=0</arg>
<doc>Creates and returns a dictionary based on the given ``items``.</doc>
<msg timestamp="20221230 16:29:37.362" level="INFO">${body} = {'birthday': '01012001', 'gender': 'm', 'name': 'superman', 'natid': 'abc', 'salary': '100000', 'tax': '0'}</msg>
<status status="PASS" starttime="20221230 16:29:37.362" endtime="20221230 16:29:37.362"/>
</kw>
<kw name="Create Dictionary" library="BuiltIn">
<var>${header}</var>
<arg>Content-Type=application/json</arg>
<arg>accept=*/*</arg>
<doc>Creates and returns a dictionary based on the given ``items``.</doc>
<msg timestamp="20221230 16:29:37.362" level="INFO">${header} = {'Content-Type': 'application/json', 'accept': '*/*'}</msg>
<status status="PASS" starttime="20221230 16:29:37.362" endtime="20221230 16:29:37.362"/>
</kw>
<kw name="Post Request" library="RequestsLibrary">
<var>${response}</var>
<arg>mysession</arg>
<arg>${api_url}</arg>
<arg>data=${body}</arg>
<arg>headers=${header}</arg>
<doc>*DEPRECATED* Please use `POST On Session` instead.</doc>
<msg timestamp="20221230 16:29:37.363" level="WARN">Keyword 'RequestsLibrary.Post Request' is deprecated. Please use `POST On Session` instead.</msg>
<msg timestamp="20221230 16:29:37.364" level="INFO">POST Request : url=http://localhost:8080/calculator/insert 
 path_url=/calculator/insert 
 headers={'User-Agent': 'python-requests/2.28.1', 'Accept-Encoding': 'gzip, deflate', 'accept': '*/*', 'Connection': 'keep-alive', 'Content-Type': 'application/json', 'Content-Length': '107'} 
 body={"birthday": "01012001", "gender": "m", "name": "superman", "natid": "abc", "salary": "100000", "tax": "0"} 
 </msg>
<msg timestamp="20221230 16:29:37.364" level="INFO">POST Response : url=http://localhost:8080/calculator/insert 
 status=202, reason= 
 headers={'Content-Type': 'text/plain;charset=UTF-8', 'Content-Length': '7', 'Date': 'Fri, 30 Dec 2022 08:29:37 GMT'} 
 body=Alright 
 </msg>
<msg timestamp="20221230 16:29:37.364" level="INFO">${response} = &lt;Response [202]&gt;</msg>
<status status="PASS" starttime="20221230 16:29:37.363" endtime="20221230 16:29:37.364"/>
</kw>
<kw name="Convert To String" library="BuiltIn">
<var>${status_code}</var>
<arg>${response.status_code}</arg>
<doc>Converts the given item to a Unicode string.</doc>
<msg timestamp="20221230 16:29:37.365" level="INFO">${status_code} = 202</msg>
<status status="PASS" starttime="20221230 16:29:37.364" endtime="20221230 16:29:37.365"/>
</kw>
<kw name="Log To Console" library="BuiltIn">
<arg>natid need to be more than 3 character</arg>
<doc>Logs the given message to the console.</doc>
<status status="PASS" starttime="20221230 16:29:37.365" endtime="20221230 16:29:37.365"/>
</kw>
<kw name="Should Be Equal" library="BuiltIn">
<arg>${status_code}</arg>
<arg>500</arg>
<doc>Fails if the given objects are unequal.</doc>
<msg timestamp="20221230 16:29:37.365" level="FAIL">202 != 500</msg>
<status status="FAIL" starttime="20221230 16:29:37.365" endtime="20221230 16:29:37.365"/>
</kw>
<kw name="Post Request" library="RequestsLibrary" type="TEARDOWN">
<arg>mysession</arg>
<arg>${clear_db_url}</arg>
<doc>*DEPRECATED* Please use `POST On Session` instead.</doc>
<msg timestamp="20221230 16:29:37.365" level="WARN">Keyword 'RequestsLibrary.Post Request' is deprecated. Please use `POST On Session` instead.</msg>
<msg timestamp="20221230 16:29:37.367" level="INFO">POST Request : url=http://localhost:8080/calculator/rakeDatabase 
 path_url=/calculator/rakeDatabase 
 headers={'User-Agent': 'python-requests/2.28.1', 'Accept-Encoding': 'gzip, deflate', 'Accept': '*/*', 'Connection': 'keep-alive', 'Content-Length': '0'} 
 body=None 
 </msg>
<msg timestamp="20221230 16:29:37.367" level="INFO">POST Response : url=http://localhost:8080/calculator/rakeDatabase 
 status=200, reason= 
 headers={'Content-Type': 'text/plain;charset=UTF-8', 'Content-Length': '21', 'Date': 'Fri, 30 Dec 2022 08:29:37 GMT'} 
 body=Successfully raked DB 
 </msg>
<status status="PASS" starttime="20221230 16:29:37.365" endtime="20221230 16:29:37.367"/>
</kw>
<status status="FAIL" starttime="20221230 16:29:37.362" endtime="20221230 16:29:37.367">202 != 500</status>
</test>
<test id="s1-s1-t3" name="Act1_Natid_character_special_charater" line="36">
<kw name="Create Session" library="RequestsLibrary">
<arg>mysession</arg>
<arg>${base_url}</arg>
<doc>Create Session: create a HTTP session to a server</doc>
<msg timestamp="20221230 16:29:37.367" level="INFO">Creating Session using : alias=mysession, url=http://localhost:8080, headers={},                     cookies={}, auth=None, timeout=None, proxies=None, verify=False,                     debug=0 </msg>
<status status="PASS" starttime="20221230 16:29:37.367" endtime="20221230 16:29:37.367"/>
</kw>
<kw name="Create Dictionary" library="BuiltIn">
<var>${body}</var>
<arg>birthday=01012001</arg>
<arg>gender=m</arg>
<arg>name=superman</arg>
<arg>natid=abcDEF!@#$%^&amp;*()</arg>
<arg>salary=100000</arg>
<arg>tax=0</arg>
<doc>Creates and returns a dictionary based on the given ``items``.</doc>
<msg timestamp="20221230 16:29:37.368" level="INFO">${body} = {'birthday': '01012001', 'gender': 'm', 'name': 'superman', 'natid': 'abcDEF!@#$%^&amp;*()', 'salary': '100000', 'tax': '0'}</msg>
<status status="PASS" starttime="20221230 16:29:37.368" endtime="20221230 16:29:37.368"/>
</kw>
<kw name="Create Dictionary" library="BuiltIn">
<var>${header}</var>
<arg>Content-Type=application/json</arg>
<arg>accept=*/*</arg>
<doc>Creates and returns a dictionary based on the given ``items``.</doc>
<msg timestamp="20221230 16:29:37.368" level="INFO">${header} = {'Content-Type': 'application/json', 'accept': '*/*'}</msg>
<status status="PASS" starttime="20221230 16:29:37.368" endtime="20221230 16:29:37.368"/>
</kw>
<kw name="Post Request" library="RequestsLibrary">
<var>${response}</var>
<arg>mysession</arg>
<arg>${api_url}</arg>
<arg>data=${body}</arg>
<arg>headers=${header}</arg>
<doc>*DEPRECATED* Please use `POST On Session` instead.</doc>
<msg timestamp="20221230 16:29:37.368" level="WARN">Keyword 'RequestsLibrary.Post Request' is deprecated. Please use `POST On Session` instead.</msg>
<msg timestamp="20221230 16:29:37.370" level="INFO">POST Request : url=http://localhost:8080/calculator/insert 
 path_url=/calculator/insert 
 headers={'User-Agent': 'python-requests/2.28.1', 'Accept-Encoding': 'gzip, deflate', 'accept': '*/*', 'Connection': 'keep-alive', 'Content-Type': 'application/json', 'Content-Length': '120'} 
 body={"birthday": "01012001", "gender": "m", "name": "superman", "natid": "abcDEF!@#$%^&amp;*()", "salary": "100000", "tax": "0"} 
 </msg>
<msg timestamp="20221230 16:29:37.370" level="INFO">POST Response : url=http://localhost:8080/calculator/insert 
 status=202, reason= 
 headers={'Content-Type': 'text/plain;charset=UTF-8', 'Content-Length': '7', 'Date': 'Fri, 30 Dec 2022 08:29:37 GMT'} 
 body=Alright 
 </msg>
<msg timestamp="20221230 16:29:37.370" level="INFO">${response} = &lt;Response [202]&gt;</msg>
<status status="PASS" starttime="20221230 16:29:37.368" endtime="20221230 16:29:37.370"/>
</kw>
<kw name="Convert To String" library="BuiltIn">
<var>${status_code}</var>
<arg>${response.status_code}</arg>
<doc>Converts the given item to a Unicode string.</doc>
<msg timestamp="20221230 16:29:37.370" level="INFO">${status_code} = 202</msg>
<status status="PASS" starttime="20221230 16:29:37.370" endtime="20221230 16:29:37.370"/>
</kw>
<kw name="Should Be Equal" library="BuiltIn">
<arg>${status_code}</arg>
<arg>202</arg>
<doc>Fails if the given objects are unequal.</doc>
<status status="PASS" starttime="20221230 16:29:37.370" endtime="20221230 16:29:37.370"/>
</kw>
<kw name="Post Request" library="RequestsLibrary" type="TEARDOWN">
<arg>mysession</arg>
<arg>${clear_db_url}</arg>
<doc>*DEPRECATED* Please use `POST On Session` instead.</doc>
<msg timestamp="20221230 16:29:37.370" level="WARN">Keyword 'RequestsLibrary.Post Request' is deprecated. Please use `POST On Session` instead.</msg>
<msg timestamp="20221230 16:29:37.372" level="INFO">POST Request : url=http://localhost:8080/calculator/rakeDatabase 
 path_url=/calculator/rakeDatabase 
 headers={'User-Agent': 'python-requests/2.28.1', 'Accept-Encoding': 'gzip, deflate', 'Accept': '*/*', 'Connection': 'keep-alive', 'Content-Length': '0'} 
 body=None 
 </msg>
<msg timestamp="20221230 16:29:37.372" level="INFO">POST Response : url=http://localhost:8080/calculator/rakeDatabase 
 status=200, reason= 
 headers={'Content-Type': 'text/plain;charset=UTF-8', 'Content-Length': '21', 'Date': 'Fri, 30 Dec 2022 08:29:37 GMT'} 
 body=Successfully raked DB 
 </msg>
<status status="PASS" starttime="20221230 16:29:37.370" endtime="20221230 16:29:37.372"/>
</kw>
<status status="PASS" starttime="20221230 16:29:37.367" endtime="20221230 16:29:37.372"/>
</test>
<test id="s1-s1-t4" name="Act1_missing_Natid" line="46">
<kw name="Create Session" library="RequestsLibrary">
<arg>mysession</arg>
<arg>${base_url}</arg>
<doc>Create Session: create a HTTP session to a server</doc>
<msg timestamp="20221230 16:29:37.372" level="INFO">Creating Session using : alias=mysession, url=http://localhost:8080, headers={},                     cookies={}, auth=None, timeout=None, proxies=None, verify=False,                     debug=0 </msg>
<status status="PASS" starttime="20221230 16:29:37.372" endtime="20221230 16:29:37.372"/>
</kw>
<kw name="Create Dictionary" library="BuiltIn">
<var>${body}</var>
<arg>birthday=01012001</arg>
<arg>gender=m</arg>
<arg>name=superman</arg>
<arg>salary=100000</arg>
<arg>tax=0</arg>
<doc>Creates and returns a dictionary based on the given ``items``.</doc>
<msg timestamp="20221230 16:29:37.373" level="INFO">${body} = {'birthday': '01012001', 'gender': 'm', 'name': 'superman', 'salary': '100000', 'tax': '0'}</msg>
<status status="PASS" starttime="20221230 16:29:37.372" endtime="20221230 16:29:37.373"/>
</kw>
<kw name="Create Dictionary" library="BuiltIn">
<var>${header}</var>
<arg>Content-Type=application/json</arg>
<arg>accept=*/*</arg>
<doc>Creates and returns a dictionary based on the given ``items``.</doc>
<msg timestamp="20221230 16:29:37.373" level="INFO">${header} = {'Content-Type': 'application/json', 'accept': '*/*'}</msg>
<status status="PASS" starttime="20221230 16:29:37.373" endtime="20221230 16:29:37.373"/>
</kw>
<kw name="Post Request" library="RequestsLibrary">
<var>${response}</var>
<arg>mysession</arg>
<arg>${api_url}</arg>
<arg>data=${body}</arg>
<arg>headers=${header}</arg>
<doc>*DEPRECATED* Please use `POST On Session` instead.</doc>
<msg timestamp="20221230 16:29:37.373" level="WARN">Keyword 'RequestsLibrary.Post Request' is deprecated. Please use `POST On Session` instead.</msg>
<msg timestamp="20221230 16:29:37.377" level="INFO">POST Request : url=http://localhost:8080/calculator/insert 
 path_url=/calculator/insert 
 headers={'User-Agent': 'python-requests/2.28.1', 'Accept-Encoding': 'gzip, deflate', 'accept': '*/*', 'Connection': 'keep-alive', 'Content-Type': 'application/json', 'Content-Length': '91'} 
 body={"birthday": "01012001", "gender": "m", "name": "superman", "salary": "100000", "tax": "0"} 
 </msg>
<msg timestamp="20221230 16:29:37.378" level="INFO">POST Response : url=http://localhost:8080/calculator/insert 
 status=500, reason= 
 headers={'Content-Type': 'application/json;charset=UTF-8', 'Transfer-Encoding': 'chunked', 'Date': 'Fri, 30 Dec 2022 08:29:37 GMT', 'Connection': 'close'} 
 body={"timestamp":"2022-12-30T08:29:37.376+0000","status":500,"error":"Internal Server Error","message":"could not execute statement; SQL [n/a]; constraint [null]; nested exception is org.hibernate.exception.ConstraintViolationException: could not execute statement","path":"/calculator/insert"} 
 </msg>
<msg timestamp="20221230 16:29:37.378" level="INFO">${response} = &lt;Response [500]&gt;</msg>
<status status="PASS" starttime="20221230 16:29:37.373" endtime="20221230 16:29:37.378"/>
</kw>
<kw name="Convert To String" library="BuiltIn">
<var>${status_code}</var>
<arg>${response.status_code}</arg>
<doc>Converts the given item to a Unicode string.</doc>
<msg timestamp="20221230 16:29:37.378" level="INFO">${status_code} = 500</msg>
<status status="PASS" starttime="20221230 16:29:37.378" endtime="20221230 16:29:37.378"/>
</kw>
<kw name="Should Be Equal" library="BuiltIn">
<arg>${status_code}</arg>
<arg>500</arg>
<doc>Fails if the given objects are unequal.</doc>
<status status="PASS" starttime="20221230 16:29:37.378" endtime="20221230 16:29:37.378"/>
</kw>
<kw name="Post Request" library="RequestsLibrary" type="TEARDOWN">
<arg>mysession</arg>
<arg>${clear_db_url}</arg>
<doc>*DEPRECATED* Please use `POST On Session` instead.</doc>
<msg timestamp="20221230 16:29:37.378" level="WARN">Keyword 'RequestsLibrary.Post Request' is deprecated. Please use `POST On Session` instead.</msg>
<msg timestamp="20221230 16:29:37.380" level="INFO">POST Request : url=http://localhost:8080/calculator/rakeDatabase 
 path_url=/calculator/rakeDatabase 
 headers={'User-Agent': 'python-requests/2.28.1', 'Accept-Encoding': 'gzip, deflate', 'Accept': '*/*', 'Connection': 'keep-alive', 'Content-Length': '0'} 
 body=None 
 </msg>
<msg timestamp="20221230 16:29:37.380" level="INFO">POST Response : url=http://localhost:8080/calculator/rakeDatabase 
 status=200, reason= 
 headers={'Content-Type': 'text/plain;charset=UTF-8', 'Content-Length': '21', 'Date': 'Fri, 30 Dec 2022 08:29:37 GMT'} 
 body=Successfully raked DB 
 </msg>
<status status="PASS" starttime="20221230 16:29:37.378" endtime="20221230 16:29:37.380"/>
</kw>
<status status="PASS" starttime="20221230 16:29:37.372" endtime="20221230 16:29:37.380"/>
</test>
<test id="s1-s1-t5" name="Act1_Natid_valid" line="56">
<kw name="Create Session" library="RequestsLibrary">
<arg>mysession</arg>
<arg>${base_url}</arg>
<doc>Create Session: create a HTTP session to a server</doc>
<msg timestamp="20221230 16:29:37.381" level="INFO">Creating Session using : alias=mysession, url=http://localhost:8080, headers={},                     cookies={}, auth=None, timeout=None, proxies=None, verify=False,                     debug=0 </msg>
<status status="PASS" starttime="20221230 16:29:37.381" endtime="20221230 16:29:37.381"/>
</kw>
<kw name="Create Dictionary" library="BuiltIn">
<var>${body}</var>
<arg>birthday=01012001</arg>
<arg>gender=m</arg>
<arg>name=superman</arg>
<arg>natid=123456</arg>
<arg>salary=100000</arg>
<arg>tax=0</arg>
<doc>Creates and returns a dictionary based on the given ``items``.</doc>
<msg timestamp="20221230 16:29:37.381" level="INFO">${body} = {'birthday': '01012001', 'gender': 'm', 'name': 'superman', 'natid': '123456', 'salary': '100000', 'tax': '0'}</msg>
<status status="PASS" starttime="20221230 16:29:37.381" endtime="20221230 16:29:37.381"/>
</kw>
<kw name="Create Dictionary" library="BuiltIn">
<var>${header}</var>
<arg>Content-Type=application/json</arg>
<arg>accept=*/*</arg>
<doc>Creates and returns a dictionary based on the given ``items``.</doc>
<msg timestamp="20221230 16:29:37.381" level="INFO">${header} = {'Content-Type': 'application/json', 'accept': '*/*'}</msg>
<status status="PASS" starttime="20221230 16:29:37.381" endtime="20221230 16:29:37.381"/>
</kw>
<kw name="Post Request" library="RequestsLibrary">
<var>${response}</var>
<arg>mysession</arg>
<arg>${api_url}</arg>
<arg>data=${body}</arg>
<arg>headers=${header}</arg>
<doc>*DEPRECATED* Please use `POST On Session` instead.</doc>
<msg timestamp="20221230 16:29:37.381" level="WARN">Keyword 'RequestsLibrary.Post Request' is deprecated. Please use `POST On Session` instead.</msg>
<msg timestamp="20221230 16:29:37.383" level="INFO">POST Request : url=http://localhost:8080/calculator/insert 
 path_url=/calculator/insert 
 headers={'User-Agent': 'python-requests/2.28.1', 'Accept-Encoding': 'gzip, deflate', 'accept': '*/*', 'Connection': 'keep-alive', 'Content-Type': 'application/json', 'Content-Length': '110'} 
 body={"birthday": "01012001", "gender": "m", "name": "superman", "natid": "123456", "salary": "100000", "tax": "0"} 
 </msg>
<msg timestamp="20221230 16:29:37.383" level="INFO">POST Response : url=http://localhost:8080/calculator/insert 
 status=202, reason= 
 headers={'Content-Type': 'text/plain;charset=UTF-8', 'Content-Length': '7', 'Date': 'Fri, 30 Dec 2022 08:29:37 GMT'} 
 body=Alright 
 </msg>
<msg timestamp="20221230 16:29:37.383" level="INFO">${response} = &lt;Response [202]&gt;</msg>
<status status="PASS" starttime="20221230 16:29:37.381" endtime="20221230 16:29:37.383"/>
</kw>
<kw name="Convert To String" library="BuiltIn">
<var>${status_code}</var>
<arg>${response.status_code}</arg>
<doc>Converts the given item to a Unicode string.</doc>
<msg timestamp="20221230 16:29:37.383" level="INFO">${status_code} = 202</msg>
<status status="PASS" starttime="20221230 16:29:37.383" endtime="20221230 16:29:37.383"/>
</kw>
<kw name="Should Be Equal" library="BuiltIn">
<arg>${status_code}</arg>
<arg>202</arg>
<doc>Fails if the given objects are unequal.</doc>
<status status="PASS" starttime="20221230 16:29:37.383" endtime="20221230 16:29:37.383"/>
</kw>
<kw name="Post Request" library="RequestsLibrary" type="TEARDOWN">
<arg>mysession</arg>
<arg>${clear_db_url}</arg>
<doc>*DEPRECATED* Please use `POST On Session` instead.</doc>
<msg timestamp="20221230 16:29:37.384" level="WARN">Keyword 'RequestsLibrary.Post Request' is deprecated. Please use `POST On Session` instead.</msg>
<msg timestamp="20221230 16:29:37.385" level="INFO">POST Request : url=http://localhost:8080/calculator/rakeDatabase 
 path_url=/calculator/rakeDatabase 
 headers={'User-Agent': 'python-requests/2.28.1', 'Accept-Encoding': 'gzip, deflate', 'Accept': '*/*', 'Connection': 'keep-alive', 'Content-Length': '0'} 
 body=None 
 </msg>
<msg timestamp="20221230 16:29:37.385" level="INFO">POST Response : url=http://localhost:8080/calculator/rakeDatabase 
 status=200, reason= 
 headers={'Content-Type': 'text/plain;charset=UTF-8', 'Content-Length': '21', 'Date': 'Fri, 30 Dec 2022 08:29:37 GMT'} 
 body=Successfully raked DB 
 </msg>
<status status="PASS" starttime="20221230 16:29:37.384" endtime="20221230 16:29:37.385"/>
</kw>
<status status="PASS" starttime="20221230 16:29:37.380" endtime="20221230 16:29:37.385"/>
</test>
<test id="s1-s1-t6" name="Act1_Name_empty" line="66">
<kw name="Create Session" library="RequestsLibrary">
<arg>mysession</arg>
<arg>${base_url}</arg>
<doc>Create Session: create a HTTP session to a server</doc>
<msg timestamp="20221230 16:29:37.386" level="INFO">Creating Session using : alias=mysession, url=http://localhost:8080, headers={},                     cookies={}, auth=None, timeout=None, proxies=None, verify=False,                     debug=0 </msg>
<status status="PASS" starttime="20221230 16:29:37.385" endtime="20221230 16:29:37.386"/>
</kw>
<kw name="Create Dictionary" library="BuiltIn">
<var>${body}</var>
<arg>birthday=01012001</arg>
<arg>gender=m</arg>
<arg>name=</arg>
<arg>natid=12345</arg>
<arg>salary=100000</arg>
<arg>tax=0</arg>
<doc>Creates and returns a dictionary based on the given ``items``.</doc>
<msg timestamp="20221230 16:29:37.386" level="INFO">${body} = {'birthday': '01012001', 'gender': 'm', 'name': '', 'natid': '12345', 'salary': '100000', 'tax': '0'}</msg>
<status status="PASS" starttime="20221230 16:29:37.386" endtime="20221230 16:29:37.386"/>
</kw>
<kw name="Create Dictionary" library="BuiltIn">
<var>${header}</var>
<arg>Content-Type=application/json</arg>
<arg>accept=*/*</arg>
<doc>Creates and returns a dictionary based on the given ``items``.</doc>
<msg timestamp="20221230 16:29:37.386" level="INFO">${header} = {'Content-Type': 'application/json', 'accept': '*/*'}</msg>
<status status="PASS" starttime="20221230 16:29:37.386" endtime="20221230 16:29:37.386"/>
</kw>
<kw name="Post Request" library="RequestsLibrary">
<var>${response}</var>
<arg>mysession</arg>
<arg>${api_url}</arg>
<arg>data=${body}</arg>
<arg>headers=${header}</arg>
<doc>*DEPRECATED* Please use `POST On Session` instead.</doc>
<msg timestamp="20221230 16:29:37.386" level="WARN">Keyword 'RequestsLibrary.Post Request' is deprecated. Please use `POST On Session` instead.</msg>
<msg timestamp="20221230 16:29:37.388" level="INFO">POST Request : url=http://localhost:8080/calculator/insert 
 path_url=/calculator/insert 
 headers={'User-Agent': 'python-requests/2.28.1', 'Accept-Encoding': 'gzip, deflate', 'accept': '*/*', 'Connection': 'keep-alive', 'Content-Type': 'application/json', 'Content-Length': '101'} 
 body={"birthday": "01012001", "gender": "m", "name": "", "natid": "12345", "salary": "100000", "tax": "0"} 
 </msg>
<msg timestamp="20221230 16:29:37.388" level="INFO">POST Response : url=http://localhost:8080/calculator/insert 
 status=202, reason= 
 headers={'Content-Type': 'text/plain;charset=UTF-8', 'Content-Length': '7', 'Date': 'Fri, 30 Dec 2022 08:29:37 GMT'} 
 body=Alright 
 </msg>
<msg timestamp="20221230 16:29:37.388" level="INFO">${response} = &lt;Response [202]&gt;</msg>
<status status="PASS" starttime="20221230 16:29:37.386" endtime="20221230 16:29:37.388"/>
</kw>
<kw name="Convert To String" library="BuiltIn">
<var>${status_code}</var>
<arg>${response.status_code}</arg>
<doc>Converts the given item to a Unicode string.</doc>
<msg timestamp="20221230 16:29:37.388" level="INFO">${status_code} = 202</msg>
<status status="PASS" starttime="20221230 16:29:37.388" endtime="20221230 16:29:37.388"/>
</kw>
<kw name="Log To Console" library="BuiltIn">
<arg>Name cannot be empty</arg>
<doc>Logs the given message to the console.</doc>
<status status="PASS" starttime="20221230 16:29:37.388" endtime="20221230 16:29:37.388"/>
</kw>
<kw name="Should Be Equal" library="BuiltIn">
<arg>${status_code}</arg>
<arg>500</arg>
<doc>Fails if the given objects are unequal.</doc>
<msg timestamp="20221230 16:29:37.389" level="FAIL">202 != 500</msg>
<status status="FAIL" starttime="20221230 16:29:37.388" endtime="20221230 16:29:37.389"/>
</kw>
<kw name="Post Request" library="RequestsLibrary" type="TEARDOWN">
<arg>mysession</arg>
<arg>${clear_db_url}</arg>
<doc>*DEPRECATED* Please use `POST On Session` instead.</doc>
<msg timestamp="20221230 16:29:37.389" level="WARN">Keyword 'RequestsLibrary.Post Request' is deprecated. Please use `POST On Session` instead.</msg>
<msg timestamp="20221230 16:29:37.390" level="INFO">POST Request : url=http://localhost:8080/calculator/rakeDatabase 
 path_url=/calculator/rakeDatabase 
 headers={'User-Agent': 'python-requests/2.28.1', 'Accept-Encoding': 'gzip, deflate', 'Accept': '*/*', 'Connection': 'keep-alive', 'Content-Length': '0'} 
 body=None 
 </msg>
<msg timestamp="20221230 16:29:37.390" level="INFO">POST Response : url=http://localhost:8080/calculator/rakeDatabase 
 status=200, reason= 
 headers={'Content-Type': 'text/plain;charset=UTF-8', 'Content-Length': '21', 'Date': 'Fri, 30 Dec 2022 08:29:37 GMT'} 
 body=Successfully raked DB 
 </msg>
<status status="PASS" starttime="20221230 16:29:37.389" endtime="20221230 16:29:37.390"/>
</kw>
<status status="FAIL" starttime="20221230 16:29:37.385" endtime="20221230 16:29:37.390">202 != 500</status>
</test>
<test id="s1-s1-t7" name="Act1_Name_digit_special_charater" line="77">
<kw name="Create Session" library="RequestsLibrary">
<arg>mysession</arg>
<arg>${base_url}</arg>
<doc>Create Session: create a HTTP session to a server</doc>
<msg timestamp="20221230 16:29:37.391" level="INFO">Creating Session using : alias=mysession, url=http://localhost:8080, headers={},                     cookies={}, auth=None, timeout=None, proxies=None, verify=False,                     debug=0 </msg>
<status status="PASS" starttime="20221230 16:29:37.391" endtime="20221230 16:29:37.391"/>
</kw>
<kw name="Create Dictionary" library="BuiltIn">
<var>${body}</var>
<arg>birthday=01012001</arg>
<arg>gender=m</arg>
<arg>name=!@#$%^&amp;*()0123</arg>
<arg>natid=12345</arg>
<arg>salary=100000</arg>
<arg>tax=0</arg>
<doc>Creates and returns a dictionary based on the given ``items``.</doc>
<msg timestamp="20221230 16:29:37.391" level="INFO">${body} = {'birthday': '01012001', 'gender': 'm', 'name': '!@#$%^&amp;*()0123', 'natid': '12345', 'salary': '100000', 'tax': '0'}</msg>
<status status="PASS" starttime="20221230 16:29:37.391" endtime="20221230 16:29:37.391"/>
</kw>
<kw name="Create Dictionary" library="BuiltIn">
<var>${header}</var>
<arg>Content-Type=application/json</arg>
<arg>accept=*/*</arg>
<doc>Creates and returns a dictionary based on the given ``items``.</doc>
<msg timestamp="20221230 16:29:37.392" level="INFO">${header} = {'Content-Type': 'application/json', 'accept': '*/*'}</msg>
<status status="PASS" starttime="20221230 16:29:37.392" endtime="20221230 16:29:37.392"/>
</kw>
<kw name="Post Request" library="RequestsLibrary">
<var>${response}</var>
<arg>mysession</arg>
<arg>${api_url}</arg>
<arg>data=${body}</arg>
<arg>headers=${header}</arg>
<doc>*DEPRECATED* Please use `POST On Session` instead.</doc>
<msg timestamp="20221230 16:29:37.392" level="WARN">Keyword 'RequestsLibrary.Post Request' is deprecated. Please use `POST On Session` instead.</msg>
<msg timestamp="20221230 16:29:37.393" level="INFO">POST Request : url=http://localhost:8080/calculator/insert 
 path_url=/calculator/insert 
 headers={'User-Agent': 'python-requests/2.28.1', 'Accept-Encoding': 'gzip, deflate', 'accept': '*/*', 'Connection': 'keep-alive', 'Content-Type': 'application/json', 'Content-Length': '115'} 
 body={"birthday": "01012001", "gender": "m", "name": "!@#$%^&amp;*()0123", "natid": "12345", "salary": "100000", "tax": "0"} 
 </msg>
<msg timestamp="20221230 16:29:37.394" level="INFO">POST Response : url=http://localhost:8080/calculator/insert 
 status=202, reason= 
 headers={'Content-Type': 'text/plain;charset=UTF-8', 'Content-Length': '7', 'Date': 'Fri, 30 Dec 2022 08:29:37 GMT'} 
 body=Alright 
 </msg>
<msg timestamp="20221230 16:29:37.394" level="INFO">${response} = &lt;Response [202]&gt;</msg>
<status status="PASS" starttime="20221230 16:29:37.392" endtime="20221230 16:29:37.394"/>
</kw>
<kw name="Convert To String" library="BuiltIn">
<var>${status_code}</var>
<arg>${response.status_code}</arg>
<doc>Converts the given item to a Unicode string.</doc>
<msg timestamp="20221230 16:29:37.394" level="INFO">${status_code} = 202</msg>
<status status="PASS" starttime="20221230 16:29:37.394" endtime="20221230 16:29:37.394"/>
</kw>
<kw name="Log To Console" library="BuiltIn">
<arg>Name should not have special characters and digits</arg>
<doc>Logs the given message to the console.</doc>
<status status="PASS" starttime="20221230 16:29:37.394" endtime="20221230 16:29:37.394"/>
</kw>
<kw name="Should Be Equal" library="BuiltIn">
<arg>${status_code}</arg>
<arg>500</arg>
<doc>Fails if the given objects are unequal.</doc>
<msg timestamp="20221230 16:29:37.394" level="FAIL">202 != 500</msg>
<status status="FAIL" starttime="20221230 16:29:37.394" endtime="20221230 16:29:37.394"/>
</kw>
<kw name="Post Request" library="RequestsLibrary" type="TEARDOWN">
<arg>mysession</arg>
<arg>${clear_db_url}</arg>
<doc>*DEPRECATED* Please use `POST On Session` instead.</doc>
<msg timestamp="20221230 16:29:37.395" level="WARN">Keyword 'RequestsLibrary.Post Request' is deprecated. Please use `POST On Session` instead.</msg>
<msg timestamp="20221230 16:29:37.396" level="INFO">POST Request : url=http://localhost:8080/calculator/rakeDatabase 
 path_url=/calculator/rakeDatabase 
 headers={'User-Agent': 'python-requests/2.28.1', 'Accept-Encoding': 'gzip, deflate', 'Accept': '*/*', 'Connection': 'keep-alive', 'Content-Length': '0'} 
 body=None 
 </msg>
<msg timestamp="20221230 16:29:37.396" level="INFO">POST Response : url=http://localhost:8080/calculator/rakeDatabase 
 status=200, reason= 
 headers={'Content-Type': 'text/plain;charset=UTF-8', 'Content-Length': '21', 'Date': 'Fri, 30 Dec 2022 08:29:37 GMT'} 
 body=Successfully raked DB 
 </msg>
<status status="PASS" starttime="20221230 16:29:37.395" endtime="20221230 16:29:37.396"/>
</kw>
<status status="FAIL" starttime="20221230 16:29:37.391" endtime="20221230 16:29:37.396">202 != 500</status>
</test>
<test id="s1-s1-t8" name="Act1_missing_Name" line="88">
<kw name="Create Session" library="RequestsLibrary">
<arg>mysession</arg>
<arg>${base_url}</arg>
<doc>Create Session: create a HTTP session to a server</doc>
<msg timestamp="20221230 16:29:37.397" level="INFO">Creating Session using : alias=mysession, url=http://localhost:8080, headers={},                     cookies={}, auth=None, timeout=None, proxies=None, verify=False,                     debug=0 </msg>
<status status="PASS" starttime="20221230 16:29:37.396" endtime="20221230 16:29:37.397"/>
</kw>
<kw name="Create Dictionary" library="BuiltIn">
<var>${body}</var>
<arg>birthday=01012001</arg>
<arg>gender=m</arg>
<arg>natid=12345</arg>
<arg>salary=100000</arg>
<arg>tax=0</arg>
<doc>Creates and returns a dictionary based on the given ``items``.</doc>
<msg timestamp="20221230 16:29:37.397" level="INFO">${body} = {'birthday': '01012001', 'gender': 'm', 'natid': '12345', 'salary': '100000', 'tax': '0'}</msg>
<status status="PASS" starttime="20221230 16:29:37.397" endtime="20221230 16:29:37.397"/>
</kw>
<kw name="Create Dictionary" library="BuiltIn">
<var>${header}</var>
<arg>Content-Type=application/json</arg>
<arg>accept=*/*</arg>
<doc>Creates and returns a dictionary based on the given ``items``.</doc>
<msg timestamp="20221230 16:29:37.397" level="INFO">${header} = {'Content-Type': 'application/json', 'accept': '*/*'}</msg>
<status status="PASS" starttime="20221230 16:29:37.397" endtime="20221230 16:29:37.397"/>
</kw>
<kw name="Post Request" library="RequestsLibrary">
<var>${response}</var>
<arg>mysession</arg>
<arg>${api_url}</arg>
<arg>data=${body}</arg>
<arg>headers=${header}</arg>
<doc>*DEPRECATED* Please use `POST On Session` instead.</doc>
<msg timestamp="20221230 16:29:37.397" level="WARN">Keyword 'RequestsLibrary.Post Request' is deprecated. Please use `POST On Session` instead.</msg>
<msg timestamp="20221230 16:29:37.401" level="INFO">POST Request : url=http://localhost:8080/calculator/insert 
 path_url=/calculator/insert 
 headers={'User-Agent': 'python-requests/2.28.1', 'Accept-Encoding': 'gzip, deflate', 'accept': '*/*', 'Connection': 'keep-alive', 'Content-Type': 'application/json', 'Content-Length': '89'} 
 body={"birthday": "01012001", "gender": "m", "natid": "12345", "salary": "100000", "tax": "0"} 
 </msg>
<msg timestamp="20221230 16:29:37.401" level="INFO">POST Response : url=http://localhost:8080/calculator/insert 
 status=500, reason= 
 headers={'Content-Type': 'application/json;charset=UTF-8', 'Transfer-Encoding': 'chunked', 'Date': 'Fri, 30 Dec 2022 08:29:37 GMT', 'Connection': 'close'} 
 body={"timestamp":"2022-12-30T08:29:37.400+0000","status":500,"error":"Internal Server Error","message":"could not execute statement; SQL [n/a]; constraint [null]; nested exception is org.hibernate.exception.ConstraintViolationException: could not execute statement","path":"/calculator/insert"} 
 </msg>
<msg timestamp="20221230 16:29:37.401" level="INFO">${response} = &lt;Response [500]&gt;</msg>
<status status="PASS" starttime="20221230 16:29:37.397" endtime="20221230 16:29:37.401"/>
</kw>
<kw name="Convert To String" library="BuiltIn">
<var>${status_code}</var>
<arg>${response.status_code}</arg>
<doc>Converts the given item to a Unicode string.</doc>
<msg timestamp="20221230 16:29:37.402" level="INFO">${status_code} = 500</msg>
<status status="PASS" starttime="20221230 16:29:37.402" endtime="20221230 16:29:37.402"/>
</kw>
<kw name="Should Be Equal" library="BuiltIn">
<arg>${status_code}</arg>
<arg>500</arg>
<doc>Fails if the given objects are unequal.</doc>
<status status="PASS" starttime="20221230 16:29:37.402" endtime="20221230 16:29:37.402"/>
</kw>
<kw name="Post Request" library="RequestsLibrary" type="TEARDOWN">
<arg>mysession</arg>
<arg>${clear_db_url}</arg>
<doc>*DEPRECATED* Please use `POST On Session` instead.</doc>
<msg timestamp="20221230 16:29:37.402" level="WARN">Keyword 'RequestsLibrary.Post Request' is deprecated. Please use `POST On Session` instead.</msg>
<msg timestamp="20221230 16:29:37.404" level="INFO">POST Request : url=http://localhost:8080/calculator/rakeDatabase 
 path_url=/calculator/rakeDatabase 
 headers={'User-Agent': 'python-requests/2.28.1', 'Accept-Encoding': 'gzip, deflate', 'Accept': '*/*', 'Connection': 'keep-alive', 'Content-Length': '0'} 
 body=None 
 </msg>
<msg timestamp="20221230 16:29:37.404" level="INFO">POST Response : url=http://localhost:8080/calculator/rakeDatabase 
 status=200, reason= 
 headers={'Content-Type': 'text/plain;charset=UTF-8', 'Content-Length': '21', 'Date': 'Fri, 30 Dec 2022 08:29:37 GMT'} 
 body=Successfully raked DB 
 </msg>
<status status="PASS" starttime="20221230 16:29:37.402" endtime="20221230 16:29:37.404"/>
</kw>
<status status="PASS" starttime="20221230 16:29:37.396" endtime="20221230 16:29:37.404"/>
</test>
<test id="s1-s1-t9" name="Act1_Name_valid" line="98">
<kw name="Create Session" library="RequestsLibrary">
<arg>mysession</arg>
<arg>${base_url}</arg>
<doc>Create Session: create a HTTP session to a server</doc>
<msg timestamp="20221230 16:29:37.404" level="INFO">Creating Session using : alias=mysession, url=http://localhost:8080, headers={},                     cookies={}, auth=None, timeout=None, proxies=None, verify=False,                     debug=0 </msg>
<status status="PASS" starttime="20221230 16:29:37.404" endtime="20221230 16:29:37.405"/>
</kw>
<kw name="Create Dictionary" library="BuiltIn">
<var>${body}</var>
<arg>birthday=01012001</arg>
<arg>gender=m</arg>
<arg>name=super man</arg>
<arg>natid=12345</arg>
<arg>salary=100000</arg>
<arg>tax=0</arg>
<doc>Creates and returns a dictionary based on the given ``items``.</doc>
<msg timestamp="20221230 16:29:37.405" level="INFO">${body} = {'birthday': '01012001', 'gender': 'm', 'name': 'super man', 'natid': '12345', 'salary': '100000', 'tax': '0'}</msg>
<status status="PASS" starttime="20221230 16:29:37.405" endtime="20221230 16:29:37.405"/>
</kw>
<kw name="Create Dictionary" library="BuiltIn">
<var>${header}</var>
<arg>Content-Type=application/json</arg>
<arg>accept=*/*</arg>
<doc>Creates and returns a dictionary based on the given ``items``.</doc>
<msg timestamp="20221230 16:29:37.405" level="INFO">${header} = {'Content-Type': 'application/json', 'accept': '*/*'}</msg>
<status status="PASS" starttime="20221230 16:29:37.405" endtime="20221230 16:29:37.405"/>
</kw>
<kw name="Post Request" library="RequestsLibrary">
<var>${response}</var>
<arg>mysession</arg>
<arg>${api_url}</arg>
<arg>data=${body}</arg>
<arg>headers=${header}</arg>
<doc>*DEPRECATED* Please use `POST On Session` instead.</doc>
<msg timestamp="20221230 16:29:37.405" level="WARN">Keyword 'RequestsLibrary.Post Request' is deprecated. Please use `POST On Session` instead.</msg>
<msg timestamp="20221230 16:29:37.407" level="INFO">POST Request : url=http://localhost:8080/calculator/insert 
 path_url=/calculator/insert 
 headers={'User-Agent': 'python-requests/2.28.1', 'Accept-Encoding': 'gzip, deflate', 'accept': '*/*', 'Connection': 'keep-alive', 'Content-Type': 'application/json', 'Content-Length': '110'} 
 body={"birthday": "01012001", "gender": "m", "name": "super man", "natid": "12345", "salary": "100000", "tax": "0"} 
 </msg>
<msg timestamp="20221230 16:29:37.407" level="INFO">POST Response : url=http://localhost:8080/calculator/insert 
 status=202, reason= 
 headers={'Content-Type': 'text/plain;charset=UTF-8', 'Content-Length': '7', 'Date': 'Fri, 30 Dec 2022 08:29:37 GMT'} 
 body=Alright 
 </msg>
<msg timestamp="20221230 16:29:37.407" level="INFO">${response} = &lt;Response [202]&gt;</msg>
<status status="PASS" starttime="20221230 16:29:37.405" endtime="20221230 16:29:37.407"/>
</kw>
<kw name="Convert To String" library="BuiltIn">
<var>${status_code}</var>
<arg>${response.status_code}</arg>
<doc>Converts the given item to a Unicode string.</doc>
<msg timestamp="20221230 16:29:37.407" level="INFO">${status_code} = 202</msg>
<status status="PASS" starttime="20221230 16:29:37.407" endtime="20221230 16:29:37.407"/>
</kw>
<kw name="Should Be Equal" library="BuiltIn">
<arg>${status_code}</arg>
<arg>202</arg>
<doc>Fails if the given objects are unequal.</doc>
<status status="PASS" starttime="20221230 16:29:37.407" endtime="20221230 16:29:37.407"/>
</kw>
<kw name="Post Request" library="RequestsLibrary" type="TEARDOWN">
<arg>mysession</arg>
<arg>${clear_db_url}</arg>
<doc>*DEPRECATED* Please use `POST On Session` instead.</doc>
<msg timestamp="20221230 16:29:37.408" level="WARN">Keyword 'RequestsLibrary.Post Request' is deprecated. Please use `POST On Session` instead.</msg>
<msg timestamp="20221230 16:29:37.409" level="INFO">POST Request : url=http://localhost:8080/calculator/rakeDatabase 
 path_url=/calculator/rakeDatabase 
 headers={'User-Agent': 'python-requests/2.28.1', 'Accept-Encoding': 'gzip, deflate', 'Accept': '*/*', 'Connection': 'keep-alive', 'Content-Length': '0'} 
 body=None 
 </msg>
<msg timestamp="20221230 16:29:37.409" level="INFO">POST Response : url=http://localhost:8080/calculator/rakeDatabase 
 status=200, reason= 
 headers={'Content-Type': 'text/plain;charset=UTF-8', 'Content-Length': '21', 'Date': 'Fri, 30 Dec 2022 08:29:37 GMT'} 
 body=Successfully raked DB 
 </msg>
<status status="PASS" starttime="20221230 16:29:37.408" endtime="20221230 16:29:37.409"/>
</kw>
<status status="PASS" starttime="20221230 16:29:37.404" endtime="20221230 16:29:37.409"/>
</test>
<test id="s1-s1-t10" name="Act1_Gender_empty" line="108">
<kw name="Create Session" library="RequestsLibrary">
<arg>mysession</arg>
<arg>${base_url}</arg>
<doc>Create Session: create a HTTP session to a server</doc>
<msg timestamp="20221230 16:29:37.409" level="INFO">Creating Session using : alias=mysession, url=http://localhost:8080, headers={},                     cookies={}, auth=None, timeout=None, proxies=None, verify=False,                     debug=0 </msg>
<status status="PASS" starttime="20221230 16:29:37.409" endtime="20221230 16:29:37.409"/>
</kw>
<kw name="Create Dictionary" library="BuiltIn">
<var>${body}</var>
<arg>birthday=01012001</arg>
<arg>gender=</arg>
<arg>name=super man</arg>
<arg>natid=12345</arg>
<arg>salary=100000</arg>
<arg>tax=0</arg>
<doc>Creates and returns a dictionary based on the given ``items``.</doc>
<msg timestamp="20221230 16:29:37.410" level="INFO">${body} = {'birthday': '01012001', 'gender': '', 'name': 'super man', 'natid': '12345', 'salary': '100000', 'tax': '0'}</msg>
<status status="PASS" starttime="20221230 16:29:37.410" endtime="20221230 16:29:37.410"/>
</kw>
<kw name="Create Dictionary" library="BuiltIn">
<var>${header}</var>
<arg>Content-Type=application/json</arg>
<arg>accept=*/*</arg>
<doc>Creates and returns a dictionary based on the given ``items``.</doc>
<msg timestamp="20221230 16:29:37.410" level="INFO">${header} = {'Content-Type': 'application/json', 'accept': '*/*'}</msg>
<status status="PASS" starttime="20221230 16:29:37.410" endtime="20221230 16:29:37.410"/>
</kw>
<kw name="Post Request" library="RequestsLibrary">
<var>${response}</var>
<arg>mysession</arg>
<arg>${api_url}</arg>
<arg>data=${body}</arg>
<arg>headers=${header}</arg>
<doc>*DEPRECATED* Please use `POST On Session` instead.</doc>
<msg timestamp="20221230 16:29:37.410" level="WARN">Keyword 'RequestsLibrary.Post Request' is deprecated. Please use `POST On Session` instead.</msg>
<msg timestamp="20221230 16:29:37.411" level="INFO">POST Request : url=http://localhost:8080/calculator/insert 
 path_url=/calculator/insert 
 headers={'User-Agent': 'python-requests/2.28.1', 'Accept-Encoding': 'gzip, deflate', 'accept': '*/*', 'Connection': 'keep-alive', 'Content-Type': 'application/json', 'Content-Length': '109'} 
 body={"birthday": "01012001", "gender": "", "name": "super man", "natid": "12345", "salary": "100000", "tax": "0"} 
 </msg>
<msg timestamp="20221230 16:29:37.411" level="INFO">POST Response : url=http://localhost:8080/calculator/insert 
 status=202, reason= 
 headers={'Content-Type': 'text/plain;charset=UTF-8', 'Content-Length': '7', 'Date': 'Fri, 30 Dec 2022 08:29:37 GMT'} 
 body=Alright 
 </msg>
<msg timestamp="20221230 16:29:37.412" level="INFO">${response} = &lt;Response [202]&gt;</msg>
<status status="PASS" starttime="20221230 16:29:37.410" endtime="20221230 16:29:37.412"/>
</kw>
<kw name="Convert To String" library="BuiltIn">
<var>${status_code}</var>
<arg>${response.status_code}</arg>
<doc>Converts the given item to a Unicode string.</doc>
<msg timestamp="20221230 16:29:37.412" level="INFO">${status_code} = 202</msg>
<status status="PASS" starttime="20221230 16:29:37.412" endtime="20221230 16:29:37.412"/>
</kw>
<kw name="Log To Console" library="BuiltIn">
<arg>gender should not be empty</arg>
<doc>Logs the given message to the console.</doc>
<status status="PASS" starttime="20221230 16:29:37.412" endtime="20221230 16:29:37.412"/>
</kw>
<kw name="Should Be Equal" library="BuiltIn">
<arg>${status_code}</arg>
<arg>500</arg>
<doc>Fails if the given objects are unequal.</doc>
<msg timestamp="20221230 16:29:37.412" level="FAIL">202 != 500</msg>
<status status="FAIL" starttime="20221230 16:29:37.412" endtime="20221230 16:29:37.412"/>
</kw>
<kw name="Post Request" library="RequestsLibrary" type="TEARDOWN">
<arg>mysession</arg>
<arg>${clear_db_url}</arg>
<doc>*DEPRECATED* Please use `POST On Session` instead.</doc>
<msg timestamp="20221230 16:29:37.413" level="WARN">Keyword 'RequestsLibrary.Post Request' is deprecated. Please use `POST On Session` instead.</msg>
<msg timestamp="20221230 16:29:37.414" level="INFO">POST Request : url=http://localhost:8080/calculator/rakeDatabase 
 path_url=/calculator/rakeDatabase 
 headers={'User-Agent': 'python-requests/2.28.1', 'Accept-Encoding': 'gzip, deflate', 'Accept': '*/*', 'Connection': 'keep-alive', 'Content-Length': '0'} 
 body=None 
 </msg>
<msg timestamp="20221230 16:29:37.414" level="INFO">POST Response : url=http://localhost:8080/calculator/rakeDatabase 
 status=200, reason= 
 headers={'Content-Type': 'text/plain;charset=UTF-8', 'Content-Length': '21', 'Date': 'Fri, 30 Dec 2022 08:29:37 GMT'} 
 body=Successfully raked DB 
 </msg>
<status status="PASS" starttime="20221230 16:29:37.413" endtime="20221230 16:29:37.414"/>
</kw>
<status status="FAIL" starttime="20221230 16:29:37.409" endtime="20221230 16:29:37.414">202 != 500</status>
</test>
<test id="s1-s1-t11" name="Act1_Gnder_with_two_character" line="119">
<kw name="Create Session" library="RequestsLibrary">
<arg>mysession</arg>
<arg>${base_url}</arg>
<doc>Create Session: create a HTTP session to a server</doc>
<msg timestamp="20221230 16:29:37.414" level="INFO">Creating Session using : alias=mysession, url=http://localhost:8080, headers={},                     cookies={}, auth=None, timeout=None, proxies=None, verify=False,                     debug=0 </msg>
<status status="PASS" starttime="20221230 16:29:37.414" endtime="20221230 16:29:37.415"/>
</kw>
<kw name="Create Dictionary" library="BuiltIn">
<var>${body}</var>
<arg>birthday=01012001</arg>
<arg>gender=FM</arg>
<arg>name=super man</arg>
<arg>natid=12345</arg>
<arg>salary=100000</arg>
<arg>tax=0</arg>
<doc>Creates and returns a dictionary based on the given ``items``.</doc>
<msg timestamp="20221230 16:29:37.415" level="INFO">${body} = {'birthday': '01012001', 'gender': 'FM', 'name': 'super man', 'natid': '12345', 'salary': '100000', 'tax': '0'}</msg>
<status status="PASS" starttime="20221230 16:29:37.415" endtime="20221230 16:29:37.415"/>
</kw>
<kw name="Create Dictionary" library="BuiltIn">
<var>${header}</var>
<arg>Content-Type=application/json</arg>
<arg>accept=*/*</arg>
<doc>Creates and returns a dictionary based on the given ``items``.</doc>
<msg timestamp="20221230 16:29:37.415" level="INFO">${header} = {'Content-Type': 'application/json', 'accept': '*/*'}</msg>
<status status="PASS" starttime="20221230 16:29:37.415" endtime="20221230 16:29:37.415"/>
</kw>
<kw name="Post Request" library="RequestsLibrary">
<var>${response}</var>
<arg>mysession</arg>
<arg>${api_url}</arg>
<arg>data=${body}</arg>
<arg>headers=${header}</arg>
<doc>*DEPRECATED* Please use `POST On Session` instead.</doc>
<msg timestamp="20221230 16:29:37.415" level="WARN">Keyword 'RequestsLibrary.Post Request' is deprecated. Please use `POST On Session` instead.</msg>
<msg timestamp="20221230 16:29:37.419" level="INFO">POST Request : url=http://localhost:8080/calculator/insert 
 path_url=/calculator/insert 
 headers={'User-Agent': 'python-requests/2.28.1', 'Accept-Encoding': 'gzip, deflate', 'accept': '*/*', 'Connection': 'keep-alive', 'Content-Type': 'application/json', 'Content-Length': '111'} 
 body={"birthday": "01012001", "gender": "FM", "name": "super man", "natid": "12345", "salary": "100000", "tax": "0"} 
 </msg>
<msg timestamp="20221230 16:29:37.419" level="INFO">POST Response : url=http://localhost:8080/calculator/insert 
 status=500, reason= 
 headers={'Content-Type': 'application/json;charset=UTF-8', 'Transfer-Encoding': 'chunked', 'Date': 'Fri, 30 Dec 2022 08:29:37 GMT', 'Connection': 'close'} 
 body={"timestamp":"2022-12-30T08:29:37.418+0000","status":500,"error":"Internal Server Error","message":"could not execute statement; SQL [n/a]; nested exception is org.hibernate.exception.DataException: could not execute statement","path":"/calculator/insert"} 
 </msg>
<msg timestamp="20221230 16:29:37.419" level="INFO">${response} = &lt;Response [500]&gt;</msg>
<status status="PASS" starttime="20221230 16:29:37.415" endtime="20221230 16:29:37.419"/>
</kw>
<kw name="Convert To String" library="BuiltIn">
<var>${status_code}</var>
<arg>${response.status_code}</arg>
<doc>Converts the given item to a Unicode string.</doc>
<msg timestamp="20221230 16:29:37.419" level="INFO">${status_code} = 500</msg>
<status status="PASS" starttime="20221230 16:29:37.419" endtime="20221230 16:29:37.419"/>
</kw>
<kw name="Should Be Equal" library="BuiltIn">
<arg>${status_code}</arg>
<arg>500</arg>
<doc>Fails if the given objects are unequal.</doc>
<status status="PASS" starttime="20221230 16:29:37.419" endtime="20221230 16:29:37.420"/>
</kw>
<kw name="Post Request" library="RequestsLibrary" type="TEARDOWN">
<arg>mysession</arg>
<arg>${clear_db_url}</arg>
<doc>*DEPRECATED* Please use `POST On Session` instead.</doc>
<msg timestamp="20221230 16:29:37.420" level="WARN">Keyword 'RequestsLibrary.Post Request' is deprecated. Please use `POST On Session` instead.</msg>
<msg timestamp="20221230 16:29:37.421" level="INFO">POST Request : url=http://localhost:8080/calculator/rakeDatabase 
 path_url=/calculator/rakeDatabase 
 headers={'User-Agent': 'python-requests/2.28.1', 'Accept-Encoding': 'gzip, deflate', 'Accept': '*/*', 'Connection': 'keep-alive', 'Content-Length': '0'} 
 body=None 
 </msg>
<msg timestamp="20221230 16:29:37.421" level="INFO">POST Response : url=http://localhost:8080/calculator/rakeDatabase 
 status=200, reason= 
 headers={'Content-Type': 'text/plain;charset=UTF-8', 'Content-Length': '21', 'Date': 'Fri, 30 Dec 2022 08:29:37 GMT'} 
 body=Successfully raked DB 
 </msg>
<status status="PASS" starttime="20221230 16:29:37.420" endtime="20221230 16:29:37.421"/>
</kw>
<status status="PASS" starttime="20221230 16:29:37.414" endtime="20221230 16:29:37.422"/>
</test>
<test id="s1-s1-t12" name="Act1_Gnder_with_special_character" line="129">
<kw name="Create Session" library="RequestsLibrary">
<arg>mysession</arg>
<arg>${base_url}</arg>
<doc>Create Session: create a HTTP session to a server</doc>
<msg timestamp="20221230 16:29:37.422" level="INFO">Creating Session using : alias=mysession, url=http://localhost:8080, headers={},                     cookies={}, auth=None, timeout=None, proxies=None, verify=False,                     debug=0 </msg>
<status status="PASS" starttime="20221230 16:29:37.422" endtime="20221230 16:29:37.422"/>
</kw>
<kw name="Create Dictionary" library="BuiltIn">
<var>${body}</var>
<arg>birthday=01012001</arg>
<arg>gender=@</arg>
<arg>name=super man</arg>
<arg>natid=12345</arg>
<arg>salary=100000</arg>
<arg>tax=0</arg>
<doc>Creates and returns a dictionary based on the given ``items``.</doc>
<msg timestamp="20221230 16:29:37.422" level="INFO">${body} = {'birthday': '01012001', 'gender': '@', 'name': 'super man', 'natid': '12345', 'salary': '100000', 'tax': '0'}</msg>
<status status="PASS" starttime="20221230 16:29:37.422" endtime="20221230 16:29:37.422"/>
</kw>
<kw name="Create Dictionary" library="BuiltIn">
<var>${header}</var>
<arg>Content-Type=application/json</arg>
<arg>accept=*/*</arg>
<doc>Creates and returns a dictionary based on the given ``items``.</doc>
<msg timestamp="20221230 16:29:37.423" level="INFO">${header} = {'Content-Type': 'application/json', 'accept': '*/*'}</msg>
<status status="PASS" starttime="20221230 16:29:37.423" endtime="20221230 16:29:37.423"/>
</kw>
<kw name="Post Request" library="RequestsLibrary">
<var>${response}</var>
<arg>mysession</arg>
<arg>${api_url}</arg>
<arg>data=${body}</arg>
<arg>headers=${header}</arg>
<doc>*DEPRECATED* Please use `POST On Session` instead.</doc>
<msg timestamp="20221230 16:29:37.423" level="WARN">Keyword 'RequestsLibrary.Post Request' is deprecated. Please use `POST On Session` instead.</msg>
<msg timestamp="20221230 16:29:37.424" level="INFO">POST Request : url=http://localhost:8080/calculator/insert 
 path_url=/calculator/insert 
 headers={'User-Agent': 'python-requests/2.28.1', 'Accept-Encoding': 'gzip, deflate', 'accept': '*/*', 'Connection': 'keep-alive', 'Content-Type': 'application/json', 'Content-Length': '110'} 
 body={"birthday": "01012001", "gender": "@", "name": "super man", "natid": "12345", "salary": "100000", "tax": "0"} 
 </msg>
<msg timestamp="20221230 16:29:37.424" level="INFO">POST Response : url=http://localhost:8080/calculator/insert 
 status=202, reason= 
 headers={'Content-Type': 'text/plain;charset=UTF-8', 'Content-Length': '7', 'Date': 'Fri, 30 Dec 2022 08:29:37 GMT'} 
 body=Alright 
 </msg>
<msg timestamp="20221230 16:29:37.425" level="INFO">${response} = &lt;Response [202]&gt;</msg>
<status status="PASS" starttime="20221230 16:29:37.423" endtime="20221230 16:29:37.425"/>
</kw>
<kw name="Convert To String" library="BuiltIn">
<var>${status_code}</var>
<arg>${response.status_code}</arg>
<doc>Converts the given item to a Unicode string.</doc>
<msg timestamp="20221230 16:29:37.425" level="INFO">${status_code} = 202</msg>
<status status="PASS" starttime="20221230 16:29:37.425" endtime="20221230 16:29:37.425"/>
</kw>
<kw name="Log To Console" library="BuiltIn">
<arg>gender should not have special character</arg>
<doc>Logs the given message to the console.</doc>
<status status="PASS" starttime="20221230 16:29:37.425" endtime="20221230 16:29:37.425"/>
</kw>
<kw name="Should Be Equal" library="BuiltIn">
<arg>${status_code}</arg>
<arg>500</arg>
<doc>Fails if the given objects are unequal.</doc>
<msg timestamp="20221230 16:29:37.425" level="FAIL">202 != 500</msg>
<status status="FAIL" starttime="20221230 16:29:37.425" endtime="20221230 16:29:37.425"/>
</kw>
<kw name="Post Request" library="RequestsLibrary" type="TEARDOWN">
<arg>mysession</arg>
<arg>${clear_db_url}</arg>
<doc>*DEPRECATED* Please use `POST On Session` instead.</doc>
<msg timestamp="20221230 16:29:37.426" level="WARN">Keyword 'RequestsLibrary.Post Request' is deprecated. Please use `POST On Session` instead.</msg>
<msg timestamp="20221230 16:29:37.427" level="INFO">POST Request : url=http://localhost:8080/calculator/rakeDatabase 
 path_url=/calculator/rakeDatabase 
 headers={'User-Agent': 'python-requests/2.28.1', 'Accept-Encoding': 'gzip, deflate', 'Accept': '*/*', 'Connection': 'keep-alive', 'Content-Length': '0'} 
 body=None 
 </msg>
<msg timestamp="20221230 16:29:37.427" level="INFO">POST Response : url=http://localhost:8080/calculator/rakeDatabase 
 status=200, reason= 
 headers={'Content-Type': 'text/plain;charset=UTF-8', 'Content-Length': '21', 'Date': 'Fri, 30 Dec 2022 08:29:37 GMT'} 
 body=Successfully raked DB 
 </msg>
<status status="PASS" starttime="20221230 16:29:37.426" endtime="20221230 16:29:37.427"/>
</kw>
<status status="FAIL" starttime="20221230 16:29:37.422" endtime="20221230 16:29:37.427">202 != 500</status>
</test>
<test id="s1-s1-t13" name="Act1_Gnder_with_digit" line="140">
<kw name="Create Session" library="RequestsLibrary">
<arg>mysession</arg>
<arg>${base_url}</arg>
<doc>Create Session: create a HTTP session to a server</doc>
<msg timestamp="20221230 16:29:37.427" level="INFO">Creating Session using : alias=mysession, url=http://localhost:8080, headers={},                     cookies={}, auth=None, timeout=None, proxies=None, verify=False,                     debug=0 </msg>
<status status="PASS" starttime="20221230 16:29:37.427" endtime="20221230 16:29:37.428"/>
</kw>
<kw name="Create Dictionary" library="BuiltIn">
<var>${body}</var>
<arg>birthday=01012001</arg>
<arg>gender=1</arg>
<arg>name=super man</arg>
<arg>natid=12345</arg>
<arg>salary=100000</arg>
<arg>tax=0</arg>
<doc>Creates and returns a dictionary based on the given ``items``.</doc>
<msg timestamp="20221230 16:29:37.428" level="INFO">${body} = {'birthday': '01012001', 'gender': '1', 'name': 'super man', 'natid': '12345', 'salary': '100000', 'tax': '0'}</msg>
<status status="PASS" starttime="20221230 16:29:37.428" endtime="20221230 16:29:37.428"/>
</kw>
<kw name="Create Dictionary" library="BuiltIn">
<var>${header}</var>
<arg>Content-Type=application/json</arg>
<arg>accept=*/*</arg>
<doc>Creates and returns a dictionary based on the given ``items``.</doc>
<msg timestamp="20221230 16:29:37.428" level="INFO">${header} = {'Content-Type': 'application/json', 'accept': '*/*'}</msg>
<status status="PASS" starttime="20221230 16:29:37.428" endtime="20221230 16:29:37.428"/>
</kw>
<kw name="Post Request" library="RequestsLibrary">
<var>${response}</var>
<arg>mysession</arg>
<arg>${api_url}</arg>
<arg>data=${body}</arg>
<arg>headers=${header}</arg>
<doc>*DEPRECATED* Please use `POST On Session` instead.</doc>
<msg timestamp="20221230 16:29:37.428" level="WARN">Keyword 'RequestsLibrary.Post Request' is deprecated. Please use `POST On Session` instead.</msg>
<msg timestamp="20221230 16:29:37.430" level="INFO">POST Request : url=http://localhost:8080/calculator/insert 
 path_url=/calculator/insert 
 headers={'User-Agent': 'python-requests/2.28.1', 'Accept-Encoding': 'gzip, deflate', 'accept': '*/*', 'Connection': 'keep-alive', 'Content-Type': 'application/json', 'Content-Length': '110'} 
 body={"birthday": "01012001", "gender": "1", "name": "super man", "natid": "12345", "salary": "100000", "tax": "0"} 
 </msg>
<msg timestamp="20221230 16:29:37.430" level="INFO">POST Response : url=http://localhost:8080/calculator/insert 
 status=202, reason= 
 headers={'Content-Type': 'text/plain;charset=UTF-8', 'Content-Length': '7', 'Date': 'Fri, 30 Dec 2022 08:29:37 GMT'} 
 body=Alright 
 </msg>
<msg timestamp="20221230 16:29:37.430" level="INFO">${response} = &lt;Response [202]&gt;</msg>
<status status="PASS" starttime="20221230 16:29:37.428" endtime="20221230 16:29:37.430"/>
</kw>
<kw name="Convert To String" library="BuiltIn">
<var>${status_code}</var>
<arg>${response.status_code}</arg>
<doc>Converts the given item to a Unicode string.</doc>
<msg timestamp="20221230 16:29:37.430" level="INFO">${status_code} = 202</msg>
<status status="PASS" starttime="20221230 16:29:37.430" endtime="20221230 16:29:37.430"/>
</kw>
<kw name="Log To Console" library="BuiltIn">
<arg>gender should not have digit</arg>
<doc>Logs the given message to the console.</doc>
<status status="PASS" starttime="20221230 16:29:37.430" endtime="20221230 16:29:37.430"/>
</kw>
<kw name="Should Be Equal" library="BuiltIn">
<arg>${status_code}</arg>
<arg>500</arg>
<doc>Fails if the given objects are unequal.</doc>
<msg timestamp="20221230 16:29:37.431" level="FAIL">202 != 500</msg>
<status status="FAIL" starttime="20221230 16:29:37.430" endtime="20221230 16:29:37.431"/>
</kw>
<kw name="Post Request" library="RequestsLibrary" type="TEARDOWN">
<arg>mysession</arg>
<arg>${clear_db_url}</arg>
<doc>*DEPRECATED* Please use `POST On Session` instead.</doc>
<msg timestamp="20221230 16:29:37.431" level="WARN">Keyword 'RequestsLibrary.Post Request' is deprecated. Please use `POST On Session` instead.</msg>
<msg timestamp="20221230 16:29:37.432" level="INFO">POST Request : url=http://localhost:8080/calculator/rakeDatabase 
 path_url=/calculator/rakeDatabase 
 headers={'User-Agent': 'python-requests/2.28.1', 'Accept-Encoding': 'gzip, deflate', 'Accept': '*/*', 'Connection': 'keep-alive', 'Content-Length': '0'} 
 body=None 
 </msg>
<msg timestamp="20221230 16:29:37.432" level="INFO">POST Response : url=http://localhost:8080/calculator/rakeDatabase 
 status=200, reason= 
 headers={'Content-Type': 'text/plain;charset=UTF-8', 'Content-Length': '21', 'Date': 'Fri, 30 Dec 2022 08:29:37 GMT'} 
 body=Successfully raked DB 
 </msg>
<status status="PASS" starttime="20221230 16:29:37.431" endtime="20221230 16:29:37.432"/>
</kw>
<status status="FAIL" starttime="20221230 16:29:37.427" endtime="20221230 16:29:37.432">202 != 500</status>
</test>
<test id="s1-s1-t14" name="Act1_missing_Gender" line="151">
<kw name="Create Session" library="RequestsLibrary">
<arg>mysession</arg>
<arg>${base_url}</arg>
<doc>Create Session: create a HTTP session to a server</doc>
<msg timestamp="20221230 16:29:37.433" level="INFO">Creating Session using : alias=mysession, url=http://localhost:8080, headers={},                     cookies={}, auth=None, timeout=None, proxies=None, verify=False,                     debug=0 </msg>
<status status="PASS" starttime="20221230 16:29:37.433" endtime="20221230 16:29:37.433"/>
</kw>
<kw name="Create Dictionary" library="BuiltIn">
<var>${body}</var>
<arg>birthday=01012001</arg>
<arg>name=super man</arg>
<arg>natid=12345</arg>
<arg>salary=100000</arg>
<arg>tax=0</arg>
<doc>Creates and returns a dictionary based on the given ``items``.</doc>
<msg timestamp="20221230 16:29:37.433" level="INFO">${body} = {'birthday': '01012001', 'name': 'super man', 'natid': '12345', 'salary': '100000', 'tax': '0'}</msg>
<status status="PASS" starttime="20221230 16:29:37.433" endtime="20221230 16:29:37.433"/>
</kw>
<kw name="Create Dictionary" library="BuiltIn">
<var>${header}</var>
<arg>Content-Type=application/json</arg>
<arg>accept=*/*</arg>
<doc>Creates and returns a dictionary based on the given ``items``.</doc>
<msg timestamp="20221230 16:29:37.433" level="INFO">${header} = {'Content-Type': 'application/json', 'accept': '*/*'}</msg>
<status status="PASS" starttime="20221230 16:29:37.433" endtime="20221230 16:29:37.433"/>
</kw>
<kw name="Post Request" library="RequestsLibrary">
<var>${response}</var>
<arg>mysession</arg>
<arg>${api_url}</arg>
<arg>data=${body}</arg>
<arg>headers=${header}</arg>
<doc>*DEPRECATED* Please use `POST On Session` instead.</doc>
<msg timestamp="20221230 16:29:37.433" level="WARN">Keyword 'RequestsLibrary.Post Request' is deprecated. Please use `POST On Session` instead.</msg>
<msg timestamp="20221230 16:29:37.435" level="INFO">POST Request : url=http://localhost:8080/calculator/insert 
 path_url=/calculator/insert 
 headers={'User-Agent': 'python-requests/2.28.1', 'Accept-Encoding': 'gzip, deflate', 'accept': '*/*', 'Connection': 'keep-alive', 'Content-Type': 'application/json', 'Content-Length': '95'} 
 body={"birthday": "01012001", "name": "super man", "natid": "12345", "salary": "100000", "tax": "0"} 
 </msg>
<msg timestamp="20221230 16:29:37.435" level="INFO">POST Response : url=http://localhost:8080/calculator/insert 
 status=202, reason= 
 headers={'Content-Type': 'text/plain;charset=UTF-8', 'Content-Length': '7', 'Date': 'Fri, 30 Dec 2022 08:29:37 GMT'} 
 body=Alright 
 </msg>
<msg timestamp="20221230 16:29:37.435" level="INFO">${response} = &lt;Response [202]&gt;</msg>
<status status="PASS" starttime="20221230 16:29:37.433" endtime="20221230 16:29:37.435"/>
</kw>
<kw name="Convert To String" library="BuiltIn">
<var>${status_code}</var>
<arg>${response.status_code}</arg>
<doc>Converts the given item to a Unicode string.</doc>
<msg timestamp="20221230 16:29:37.435" level="INFO">${status_code} = 202</msg>
<status status="PASS" starttime="20221230 16:29:37.435" endtime="20221230 16:29:37.435"/>
</kw>
<kw name="Log To Console" library="BuiltIn">
<arg>gender should not be missing</arg>
<doc>Logs the given message to the console.</doc>
<status status="PASS" starttime="20221230 16:29:37.435" endtime="20221230 16:29:37.435"/>
</kw>
<kw name="Should Be Equal" library="BuiltIn">
<arg>${status_code}</arg>
<arg>500</arg>
<doc>Fails if the given objects are unequal.</doc>
<msg timestamp="20221230 16:29:37.436" level="FAIL">202 != 500</msg>
<status status="FAIL" starttime="20221230 16:29:37.435" endtime="20221230 16:29:37.436"/>
</kw>
<kw name="Post Request" library="RequestsLibrary" type="TEARDOWN">
<arg>mysession</arg>
<arg>${clear_db_url}</arg>
<doc>*DEPRECATED* Please use `POST On Session` instead.</doc>
<msg timestamp="20221230 16:29:37.436" level="WARN">Keyword 'RequestsLibrary.Post Request' is deprecated. Please use `POST On Session` instead.</msg>
<msg timestamp="20221230 16:29:37.437" level="INFO">POST Request : url=http://localhost:8080/calculator/rakeDatabase 
 path_url=/calculator/rakeDatabase 
 headers={'User-Agent': 'python-requests/2.28.1', 'Accept-Encoding': 'gzip, deflate', 'Accept': '*/*', 'Connection': 'keep-alive', 'Content-Length': '0'} 
 body=None 
 </msg>
<msg timestamp="20221230 16:29:37.437" level="INFO">POST Response : url=http://localhost:8080/calculator/rakeDatabase 
 status=200, reason= 
 headers={'Content-Type': 'text/plain;charset=UTF-8', 'Content-Length': '21', 'Date': 'Fri, 30 Dec 2022 08:29:37 GMT'} 
 body=Successfully raked DB 
 </msg>
<status status="PASS" starttime="20221230 16:29:37.436" endtime="20221230 16:29:37.437"/>
</kw>
<status status="FAIL" starttime="20221230 16:29:37.432" endtime="20221230 16:29:37.438">202 != 500</status>
</test>
<test id="s1-s1-t15" name="Act1_valid_Gender" line="161">
<kw name="Create Session" library="RequestsLibrary">
<arg>mysession</arg>
<arg>${base_url}</arg>
<doc>Create Session: create a HTTP session to a server</doc>
<msg timestamp="20221230 16:29:37.438" level="INFO">Creating Session using : alias=mysession, url=http://localhost:8080, headers={},                     cookies={}, auth=None, timeout=None, proxies=None, verify=False,                     debug=0 </msg>
<status status="PASS" starttime="20221230 16:29:37.438" endtime="20221230 16:29:37.438"/>
</kw>
<kw name="Create Dictionary" library="BuiltIn">
<var>${body}</var>
<arg>birthday=01012001</arg>
<arg>gender=m</arg>
<arg>name=super man</arg>
<arg>natid=12345</arg>
<arg>salary=100000</arg>
<arg>tax=0</arg>
<doc>Creates and returns a dictionary based on the given ``items``.</doc>
<msg timestamp="20221230 16:29:37.438" level="INFO">${body} = {'birthday': '01012001', 'gender': 'm', 'name': 'super man', 'natid': '12345', 'salary': '100000', 'tax': '0'}</msg>
<status status="PASS" starttime="20221230 16:29:37.438" endtime="20221230 16:29:37.438"/>
</kw>
<kw name="Create Dictionary" library="BuiltIn">
<var>${header}</var>
<arg>Content-Type=application/json</arg>
<arg>accept=*/*</arg>
<doc>Creates and returns a dictionary based on the given ``items``.</doc>
<msg timestamp="20221230 16:29:37.439" level="INFO">${header} = {'Content-Type': 'application/json', 'accept': '*/*'}</msg>
<status status="PASS" starttime="20221230 16:29:37.439" endtime="20221230 16:29:37.439"/>
</kw>
<kw name="Post Request" library="RequestsLibrary">
<var>${response}</var>
<arg>mysession</arg>
<arg>${api_url}</arg>
<arg>data=${body}</arg>
<arg>headers=${header}</arg>
<doc>*DEPRECATED* Please use `POST On Session` instead.</doc>
<msg timestamp="20221230 16:29:37.439" level="WARN">Keyword 'RequestsLibrary.Post Request' is deprecated. Please use `POST On Session` instead.</msg>
<msg timestamp="20221230 16:29:37.440" level="INFO">POST Request : url=http://localhost:8080/calculator/insert 
 path_url=/calculator/insert 
 headers={'User-Agent': 'python-requests/2.28.1', 'Accept-Encoding': 'gzip, deflate', 'accept': '*/*', 'Connection': 'keep-alive', 'Content-Type': 'application/json', 'Content-Length': '110'} 
 body={"birthday": "01012001", "gender": "m", "name": "super man", "natid": "12345", "salary": "100000", "tax": "0"} 
 </msg>
<msg timestamp="20221230 16:29:37.440" level="INFO">POST Response : url=http://localhost:8080/calculator/insert 
 status=202, reason= 
 headers={'Content-Type': 'text/plain;charset=UTF-8', 'Content-Length': '7', 'Date': 'Fri, 30 Dec 2022 08:29:37 GMT'} 
 body=Alright 
 </msg>
<msg timestamp="20221230 16:29:37.440" level="INFO">${response} = &lt;Response [202]&gt;</msg>
<status status="PASS" starttime="20221230 16:29:37.439" endtime="20221230 16:29:37.440"/>
</kw>
<kw name="Convert To String" library="BuiltIn">
<var>${status_code}</var>
<arg>${response.status_code}</arg>
<doc>Converts the given item to a Unicode string.</doc>
<msg timestamp="20221230 16:29:37.441" level="INFO">${status_code} = 202</msg>
<status status="PASS" starttime="20221230 16:29:37.441" endtime="20221230 16:29:37.441"/>
</kw>
<kw name="Should Be Equal" library="BuiltIn">
<arg>${status_code}</arg>
<arg>202</arg>
<doc>Fails if the given objects are unequal.</doc>
<status status="PASS" starttime="20221230 16:29:37.441" endtime="20221230 16:29:37.441"/>
</kw>
<kw name="Post Request" library="RequestsLibrary" type="TEARDOWN">
<arg>mysession</arg>
<arg>${clear_db_url}</arg>
<doc>*DEPRECATED* Please use `POST On Session` instead.</doc>
<msg timestamp="20221230 16:29:37.441" level="WARN">Keyword 'RequestsLibrary.Post Request' is deprecated. Please use `POST On Session` instead.</msg>
<msg timestamp="20221230 16:29:37.442" level="INFO">POST Request : url=http://localhost:8080/calculator/rakeDatabase 
 path_url=/calculator/rakeDatabase 
 headers={'User-Agent': 'python-requests/2.28.1', 'Accept-Encoding': 'gzip, deflate', 'Accept': '*/*', 'Connection': 'keep-alive', 'Content-Length': '0'} 
 body=None 
 </msg>
<msg timestamp="20221230 16:29:37.442" level="INFO">POST Response : url=http://localhost:8080/calculator/rakeDatabase 
 status=200, reason= 
 headers={'Content-Type': 'text/plain;charset=UTF-8', 'Content-Length': '21', 'Date': 'Fri, 30 Dec 2022 08:29:37 GMT'} 
 body=Successfully raked DB 
 </msg>
<status status="PASS" starttime="20221230 16:29:37.441" endtime="20221230 16:29:37.442"/>
</kw>
<status status="PASS" starttime="20221230 16:29:37.438" endtime="20221230 16:29:37.442"/>
</test>
<test id="s1-s1-t16" name="Act1_Birthday_day_is_zero" line="171">
<kw name="Create Session" library="RequestsLibrary">
<arg>mysession</arg>
<arg>${base_url}</arg>
<doc>Create Session: create a HTTP session to a server</doc>
<msg timestamp="20221230 16:29:37.443" level="INFO">Creating Session using : alias=mysession, url=http://localhost:8080, headers={},                     cookies={}, auth=None, timeout=None, proxies=None, verify=False,                     debug=0 </msg>
<status status="PASS" starttime="20221230 16:29:37.443" endtime="20221230 16:29:37.443"/>
</kw>
<kw name="Create Dictionary" library="BuiltIn">
<var>${body}</var>
<arg>birthday=00012001</arg>
<arg>gender=m</arg>
<arg>name=super man</arg>
<arg>natid=12345</arg>
<arg>salary=100000</arg>
<arg>tax=0</arg>
<doc>Creates and returns a dictionary based on the given ``items``.</doc>
<msg timestamp="20221230 16:29:37.443" level="INFO">${body} = {'birthday': '00012001', 'gender': 'm', 'name': 'super man', 'natid': '12345', 'salary': '100000', 'tax': '0'}</msg>
<status status="PASS" starttime="20221230 16:29:37.443" endtime="20221230 16:29:37.443"/>
</kw>
<kw name="Create Dictionary" library="BuiltIn">
<var>${header}</var>
<arg>Content-Type=application/json</arg>
<arg>accept=*/*</arg>
<doc>Creates and returns a dictionary based on the given ``items``.</doc>
<msg timestamp="20221230 16:29:37.443" level="INFO">${header} = {'Content-Type': 'application/json', 'accept': '*/*'}</msg>
<status status="PASS" starttime="20221230 16:29:37.443" endtime="20221230 16:29:37.443"/>
</kw>
<kw name="Post Request" library="RequestsLibrary">
<var>${response}</var>
<arg>mysession</arg>
<arg>${api_url}</arg>
<arg>data=${body}</arg>
<arg>headers=${header}</arg>
<doc>*DEPRECATED* Please use `POST On Session` instead.</doc>
<msg timestamp="20221230 16:29:37.444" level="WARN">Keyword 'RequestsLibrary.Post Request' is deprecated. Please use `POST On Session` instead.</msg>
<msg timestamp="20221230 16:29:37.446" level="INFO">POST Request : url=http://localhost:8080/calculator/insert 
 path_url=/calculator/insert 
 headers={'User-Agent': 'python-requests/2.28.1', 'Accept-Encoding': 'gzip, deflate', 'accept': '*/*', 'Connection': 'keep-alive', 'Content-Type': 'application/json', 'Content-Length': '110'} 
 body={"birthday": "00012001", "gender": "m", "name": "super man", "natid": "12345", "salary": "100000", "tax": "0"} 
 </msg>
<msg timestamp="20221230 16:29:37.446" level="INFO">POST Response : url=http://localhost:8080/calculator/insert 
 status=500, reason= 
 headers={'Content-Type': 'application/json;charset=UTF-8', 'Transfer-Encoding': 'chunked', 'Date': 'Fri, 30 Dec 2022 08:29:37 GMT', 'Connection': 'close'} 
 body={"timestamp":"2022-12-30T08:29:37.445+0000","status":500,"error":"Internal Server Error","message":"Text '00012001' could not be parsed: Invalid value for DayOfMonth (valid values 1 - 28/31): 0","path":"/calculator/insert"} 
 </msg>
<msg timestamp="20221230 16:29:37.446" level="INFO">${response} = &lt;Response [500]&gt;</msg>
<status status="PASS" starttime="20221230 16:29:37.444" endtime="20221230 16:29:37.446"/>
</kw>
<kw name="Convert To String" library="BuiltIn">
<var>${status_code}</var>
<arg>${response.status_code}</arg>
<doc>Converts the given item to a Unicode string.</doc>
<msg timestamp="20221230 16:29:37.447" level="INFO">${status_code} = 500</msg>
<status status="PASS" starttime="20221230 16:29:37.447" endtime="20221230 16:29:37.447"/>
</kw>
<kw name="Should Be Equal" library="BuiltIn">
<arg>${status_code}</arg>
<arg>500</arg>
<doc>Fails if the given objects are unequal.</doc>
<status status="PASS" starttime="20221230 16:29:37.447" endtime="20221230 16:29:37.447"/>
</kw>
<kw name="Convert To String" library="BuiltIn">
<var>${content}</var>
<arg>${response.content}</arg>
<doc>Converts the given item to a Unicode string.</doc>
<msg timestamp="20221230 16:29:37.447" level="INFO">${content} = {"timestamp":"2022-12-30T08:29:37.445+0000","status":500,"error":"Internal Server Error","message":"Text '00012001' could not be parsed: Invalid value for DayOfMonth (valid values 1 - 28/31): 0","path...</msg>
<status status="PASS" starttime="20221230 16:29:37.447" endtime="20221230 16:29:37.447"/>
</kw>
<kw name="Should Contain" library="BuiltIn">
<arg>${content}</arg>
<arg>Invalid value for DayOfMonth (valid values 1 - 28/31)</arg>
<doc>Fails if ``container`` does not contain ``item`` one or more times.</doc>
<status status="PASS" starttime="20221230 16:29:37.448" endtime="20221230 16:29:37.448"/>
</kw>
<kw name="Post Request" library="RequestsLibrary" type="TEARDOWN">
<arg>mysession</arg>
<arg>${clear_db_url}</arg>
<doc>*DEPRECATED* Please use `POST On Session` instead.</doc>
<msg timestamp="20221230 16:29:37.448" level="WARN">Keyword 'RequestsLibrary.Post Request' is deprecated. Please use `POST On Session` instead.</msg>
<msg timestamp="20221230 16:29:37.449" level="INFO">POST Request : url=http://localhost:8080/calculator/rakeDatabase 
 path_url=/calculator/rakeDatabase 
 headers={'User-Agent': 'python-requests/2.28.1', 'Accept-Encoding': 'gzip, deflate', 'Accept': '*/*', 'Connection': 'keep-alive', 'Content-Length': '0'} 
 body=None 
 </msg>
<msg timestamp="20221230 16:29:37.449" level="INFO">POST Response : url=http://localhost:8080/calculator/rakeDatabase 
 status=200, reason= 
 headers={'Content-Type': 'text/plain;charset=UTF-8', 'Content-Length': '21', 'Date': 'Fri, 30 Dec 2022 08:29:37 GMT'} 
 body=Successfully raked DB 
 </msg>
<status status="PASS" starttime="20221230 16:29:37.448" endtime="20221230 16:29:37.449"/>
</kw>
<status status="PASS" starttime="20221230 16:29:37.443" endtime="20221230 16:29:37.449"/>
</test>
<test id="s1-s1-t17" name="Act1_Birthday_day_is_higher_than_31" line="183">
<kw name="Create Session" library="RequestsLibrary">
<arg>mysession</arg>
<arg>${base_url}</arg>
<doc>Create Session: create a HTTP session to a server</doc>
<msg timestamp="20221230 16:29:37.450" level="INFO">Creating Session using : alias=mysession, url=http://localhost:8080, headers={},                     cookies={}, auth=None, timeout=None, proxies=None, verify=False,                     debug=0 </msg>
[...]
<msg timestamp="20221230 16:29:37.428" level="WARN">Keyword 'RequestsLibrary.Post Request' is deprecated. Please use `POST On Session` instead.</msg>
<msg timestamp="20221230 16:29:37.431" level="WARN">Keyword 'RequestsLibrary.Post Request' is deprecated. Please use `POST On Session` instead.</msg>
<msg timestamp="20221230 16:29:37.433" level="WARN">Keyword 'RequestsLibrary.Post Request' is deprecated. Please use `POST On Session` instead.</msg>
<msg timestamp="20221230 16:29:37.436" level="WARN">Keyword 'RequestsLibrary.Post Request' is deprecated. Please use `POST On Session` instead.</msg>
<msg timestamp="20221230 16:29:37.439" level="WARN">Keyword 'RequestsLibrary.Post Request' is deprecated. Please use `POST On Session` instead.</msg>
<msg timestamp="20221230 16:29:37.441" level="WARN">Keyword 'RequestsLibrary.Post Request' is deprecated. Please use `POST On Session` instead.</msg>
<msg timestamp="20221230 16:29:37.444" level="WARN">Keyword 'RequestsLibrary.Post Request' is deprecated. Please use `POST On Session` instead.</msg>
<msg timestamp="20221230 16:29:37.448" level="WARN">Keyword 'RequestsLibrary.Post Request' is deprecated. Please use `POST On Session` instead.</msg>
<msg timestamp="20221230 16:29:37.450" level="WARN">Keyword 'RequestsLibrary.Post Request' is deprecated. Please use `POST On Session` instead.</msg>
<msg timestamp="20221230 16:29:37.454" level="WARN">Keyword 'RequestsLibrary.Post Request' is deprecated. Please use `POST On Session` instead.</msg>
<msg timestamp="20221230 16:29:37.457" level="WARN">Keyword 'RequestsLibrary.Post Request' is deprecated. Please use `POST On Session` instead.</msg>
<msg timestamp="20221230 16:29:37.461" level="WARN">Keyword 'RequestsLibrary.Post Request' is deprecated. Please use `POST On Session` instead.</msg>
<msg timestamp="20221230 16:29:37.464" level="WARN">Keyword 'RequestsLibrary.Post Request' is deprecated. Please use `POST On Session` instead.</msg>
<msg timestamp="20221230 16:29:37.468" level="WARN">Keyword 'RequestsLibrary.Post Request' is deprecated. Please use `POST On Session` instead.</msg>
<msg timestamp="20221230 16:29:37.471" level="WARN">Keyword 'RequestsLibrary.Post Request' is deprecated. Please use `POST On Session` instead.</msg>
<msg timestamp="20221230 16:29:37.475" level="WARN">Keyword 'RequestsLibrary.Post Request' is deprecated. Please use `POST On Session` instead.</msg>
<msg timestamp="20221230 16:29:37.478" level="WARN">Keyword 'RequestsLibrary.Post Request' is deprecated. Please use `POST On Session` instead.</msg>
<msg timestamp="20221230 16:29:37.481" level="WARN">Keyword 'RequestsLibrary.Post Request' is deprecated. Please use `POST On Session` instead.</msg>
<msg timestamp="20221230 16:29:37.483" level="WARN">Keyword 'RequestsLibrary.Post Request' is deprecated. Please use `POST On Session` instead.</msg>
<msg timestamp="20221230 16:29:37.487" level="WARN">Keyword 'RequestsLibrary.Post Request' is deprecated. Please use `POST On Session` instead.</msg>
<msg timestamp="20221230 16:29:37.490" level="WARN">Keyword 'RequestsLibrary.Post Request' is deprecated. Please use `POST On Session` instead.</msg>
<msg timestamp="20221230 16:29:37.492" level="WARN">Keyword 'RequestsLibrary.Post Request' is deprecated. Please use `POST On Session` instead.</msg>
<msg timestamp="20221230 16:29:37.495" level="WARN">Keyword 'RequestsLibrary.Post Request' is deprecated. Please use `POST On Session` instead.</msg>
<msg timestamp="20221230 16:29:37.499" level="WARN">Keyword 'RequestsLibrary.Post Request' is deprecated. Please use `POST On Session` instead.</msg>
<msg timestamp="20221230 16:29:37.501" level="WARN">Keyword 'RequestsLibrary.Post Request' is deprecated. Please use `POST On Session` instead.</msg>
<msg timestamp="20221230 16:29:37.506" level="WARN">Keyword 'RequestsLibrary.Post Request' is deprecated. Please use `POST On Session` instead.</msg>
<msg timestamp="20221230 16:29:37.508" level="WARN">Keyword 'RequestsLibrary.Post Request' is deprecated. Please use `POST On Session` instead.</msg>
<msg timestamp="20221230 16:29:37.512" level="WARN">Keyword 'RequestsLibrary.Post Request' is deprecated. Please use `POST On Session` instead.</msg>
<msg timestamp="20221230 16:29:37.515" level="WARN">Keyword 'RequestsLibrary.Post Request' is deprecated. Please use `POST On Session` instead.</msg>
<msg timestamp="20221230 16:29:37.518" level="WARN">Keyword 'RequestsLibrary.Post Request' is deprecated. Please use `POST On Session` instead.</msg>
<msg timestamp="20221230 16:29:37.520" level="WARN">Keyword 'RequestsLibrary.Post Request' is deprecated. Please use `POST On Session` instead.</msg>
<msg timestamp="20221230 16:29:37.524" level="WARN">Keyword 'RequestsLibrary.Post Request' is deprecated. Please use `POST On Session` instead.</msg>
<msg timestamp="20221230 16:29:37.527" level="WARN">Keyword 'RequestsLibrary.Post Request' is deprecated. Please use `POST On Session` instead.</msg>
<msg timestamp="20221230 16:29:37.529" level="WARN">Keyword 'RequestsLibrary.Post Request' is deprecated. Please use `POST On Session` instead.</msg>
<msg timestamp="20221230 16:29:37.531" level="WARN">Keyword 'RequestsLibrary.Post Request' is deprecated. Please use `POST On Session` instead.</msg>
<msg timestamp="20221230 16:29:37.534" level="WARN">Keyword 'RequestsLibrary.Post Request' is deprecated. Please use `POST On Session` instead.</msg>
<msg timestamp="20221230 16:29:37.537" level="WARN">Keyword 'RequestsLibrary.Post Request' is deprecated. Please use `POST On Session` instead.</msg>
<msg timestamp="20221230 16:29:37.540" level="WARN">Keyword 'RequestsLibrary.Post Request' is deprecated. Please use `POST On Session` instead.</msg>
<msg timestamp="20221230 16:29:37.543" level="WARN">Keyword 'RequestsLibrary.Post Request' is deprecated. Please use `POST On Session` instead.</msg>
<msg timestamp="20221230 16:29:37.547" level="WARN">Keyword 'RequestsLibrary.Post Request' is deprecated. Please use `POST On Session` instead.</msg>
<msg timestamp="20221230 16:29:37.550" level="WARN">Keyword 'RequestsLibrary.Post Request' is deprecated. Please use `POST On Session` instead.</msg>
<msg timestamp="20221230 16:29:37.555" level="WARN">Keyword 'RequestsLibrary.Post Request' is deprecated. Please use `POST On Session` instead.</msg>
<msg timestamp="20221230 16:29:37.557" level="WARN">Keyword 'RequestsLibrary.Post Request' is deprecated. Please use `POST On Session` instead.</msg>
<msg timestamp="20221230 16:29:37.560" level="WARN">Keyword 'RequestsLibrary.Post Request' is deprecated. Please use `POST On Session` instead.</msg>
<msg timestamp="20221230 16:29:37.563" level="WARN">Keyword 'RequestsLibrary.Post Request' is deprecated. Please use `POST On Session` instead.</msg>
<msg timestamp="20221230 16:29:37.566" level="WARN">Keyword 'RequestsLibrary.Post Request' is deprecated. Please use `POST On Session` instead.</msg>
<msg timestamp="20221230 16:29:37.569" level="WARN">Keyword 'RequestsLibrary.Post Request' is deprecated. Please use `POST On Session` instead.</msg>
<msg timestamp="20221230 16:29:37.571" level="WARN">Keyword 'RequestsLibrary.Post Request' is deprecated. Please use `POST On Session` instead.</msg>
<msg timestamp="20221230 16:29:37.574" level="WARN">Keyword 'RequestsLibrary.Post Request' is deprecated. Please use `POST On Session` instead.</msg>
<msg timestamp="20221230 16:29:37.576" level="WARN">Keyword 'RequestsLibrary.Post Request' is deprecated. Please use `POST On Session` instead.</msg>
<msg timestamp="20221230 16:29:37.582" level="WARN">Keyword 'RequestsLibrary.Post Request' is deprecated. Please use `POST On Session` instead.</msg>
<msg timestamp="20221230 16:29:37.586" level="WARN">Keyword 'RequestsLibrary.Get Request' is deprecated. Please use `GET On Session` instead.</msg>
<msg timestamp="20221230 16:29:37.592" level="WARN">Keyword 'RequestsLibrary.Post Request' is deprecated. Please use `POST On Session` instead.</msg>
<msg timestamp="20221230 16:29:37.594" level="WARN">Keyword 'RequestsLibrary.Get Request' is deprecated. Please use `GET On Session` instead.</msg>
<msg timestamp="20221230 16:29:37.598" level="WARN">Keyword 'RequestsLibrary.Post Request' is deprecated. Please use `POST On Session` instead.</msg>
<msg timestamp="20221230 16:29:37.600" level="WARN">Keyword 'RequestsLibrary.Post Request' is deprecated. Please use `POST On Session` instead.</msg>
<msg timestamp="20221230 16:29:37.603" level="WARN">Keyword 'RequestsLibrary.Get Request' is deprecated. Please use `GET On Session` instead.</msg>
<msg timestamp="20221230 16:29:37.606" level="WARN">Keyword 'RequestsLibrary.Post Request' is deprecated. Please use `POST On Session` instead.</msg>
<msg timestamp="20221230 16:29:37.608" level="WARN">Keyword 'RequestsLibrary.Post Request' is deprecated. Please use `POST On Session` instead.</msg>
<msg timestamp="20221230 16:29:37.611" level="WARN">Keyword 'RequestsLibrary.Get Request' is deprecated. Please use `GET On Session` instead.</msg>
<msg timestamp="20221230 16:29:37.614" level="WARN">Keyword 'RequestsLibrary.Post Request' is deprecated. Please use `POST On Session` instead.</msg>
<msg timestamp="20221230 16:29:37.617" level="WARN">Keyword 'RequestsLibrary.Post Request' is deprecated. Please use `POST On Session` instead.</msg>
<msg timestamp="20221230 16:29:37.619" level="WARN">Keyword 'RequestsLibrary.Get Request' is deprecated. Please use `GET On Session` instead.</msg>
<msg timestamp="20221230 16:29:37.622" level="WARN">Keyword 'RequestsLibrary.Post Request' is deprecated. Please use `POST On Session` instead.</msg>
<msg timestamp="20221230 16:29:37.625" level="WARN">Keyword 'RequestsLibrary.Post Request' is deprecated. Please use `POST On Session` instead.</msg>
<msg timestamp="20221230 16:29:37.627" level="WARN">Keyword 'RequestsLibrary.Get Request' is deprecated. Please use `GET On Session` instead.</msg>
<msg timestamp="20221230 16:29:37.630" level="WARN">Keyword 'RequestsLibrary.Post Request' is deprecated. Please use `POST On Session` instead.</msg>
<msg timestamp="20221230 16:29:37.636" level="WARN">Keyword 'RequestsLibrary.Post Request' is deprecated. Please use `POST On Session` instead.</msg>
<msg timestamp="20221230 16:29:37.639" level="WARN">Keyword 'RequestsLibrary.Get Request' is deprecated. Please use `GET On Session` instead.</msg>
<msg timestamp="20221230 16:29:37.642" level="WARN">Keyword 'RequestsLibrary.Post Request' is deprecated. Please use `POST On Session` instead.</msg>
<msg timestamp="20221230 16:29:37.645" level="WARN">Keyword 'RequestsLibrary.Post Request' is deprecated. Please use `POST On Session` instead.</msg>
<msg timestamp="20221230 16:29:37.647" level="WARN">Keyword 'RequestsLibrary.Get Request' is deprecated. Please use `GET On Session` instead.</msg>
<msg timestamp="20221230 16:29:37.650" level="WARN">Keyword 'RequestsLibrary.Post Request' is deprecated. Please use `POST On Session` instead.</msg>
<msg timestamp="20221230 16:29:37.653" level="WARN">Keyword 'RequestsLibrary.Post Request' is deprecated. Please use `POST On Session` instead.</msg>
<msg timestamp="20221230 16:29:37.655" level="WARN">Keyword 'RequestsLibrary.Get Request' is deprecated. Please use `GET On Session` instead.</msg>
<msg timestamp="20221230 16:29:37.658" level="WARN">Keyword 'RequestsLibrary.Post Request' is deprecated. Please use `POST On Session` instead.</msg>
<msg timestamp="20221230 16:29:37.660" level="WARN">Keyword 'RequestsLibrary.Post Request' is deprecated. Please use `POST On Session` instead.</msg>
<msg timestamp="20221230 16:29:37.663" level="WARN">Keyword 'RequestsLibrary.Get Request' is deprecated. Please use `GET On Session` instead.</msg>
<msg timestamp="20221230 16:29:37.666" level="WARN">Keyword 'RequestsLibrary.Post Request' is deprecated. Please use `POST On Session` instead.</msg>
<msg timestamp="20221230 16:29:37.668" level="WARN">Keyword 'RequestsLibrary.Post Request' is deprecated. Please use `POST On Session` instead.</msg>
<msg timestamp="20221230 16:29:37.671" level="WARN">Keyword 'RequestsLibrary.Get Request' is deprecated. Please use `GET On Session` instead.</msg>
<msg timestamp="20221230 16:29:37.673" level="WARN">Keyword 'RequestsLibrary.Post Request' is deprecated. Please use `POST On Session` instead.</msg>
<msg timestamp="20221230 16:29:37.676" level="WARN">Keyword 'RequestsLibrary.Post Request' is deprecated. Please use `POST On Session` instead.</msg>
<msg timestamp="20221230 16:29:37.678" level="WARN">Keyword 'RequestsLibrary.Get Request' is deprecated. Please use `GET On Session` instead.</msg>
<msg timestamp="20221230 16:29:37.681" level="WARN">Keyword 'RequestsLibrary.Post Request' is deprecated. Please use `POST On Session` instead.</msg>
<msg timestamp="20221230 16:29:37.684" level="WARN">Keyword 'RequestsLibrary.Post Request' is deprecated. Please use `POST On Session` instead.</msg>
<msg timestamp="20221230 16:29:37.687" level="WARN">Keyword 'RequestsLibrary.Get Request' is deprecated. Please use `GET On Session` instead.</msg>
<msg timestamp="20221230 16:29:37.689" level="WARN">Keyword 'RequestsLibrary.Post Request' is deprecated. Please use `POST On Session` instead.</msg>
<msg timestamp="20221230 16:29:37.692" level="WARN">Keyword 'RequestsLibrary.Post Request' is deprecated. Please use `POST On Session` instead.</msg>
<msg timestamp="20221230 16:29:37.694" level="WARN">Keyword 'RequestsLibrary.Get Request' is deprecated. Please use `GET On Session` instead.</msg>
<msg timestamp="20221230 16:29:37.697" level="WARN">Keyword 'RequestsLibrary.Post Request' is deprecated. Please use `POST On Session` instead.</msg>
<msg timestamp="20221230 16:29:37.700" level="WARN">Keyword 'RequestsLibrary.Post Request' is deprecated. Please use `POST On Session` instead.</msg>
<msg timestamp="20221230 16:29:37.702" level="WARN">Keyword 'RequestsLibrary.Get Request' is deprecated. Please use `GET On Session` instead.</msg>
<msg timestamp="20221230 16:29:37.706" level="WARN">Keyword 'RequestsLibrary.Post Request' is deprecated. Please use `POST On Session` instead.</msg>
<msg timestamp="20221230 16:29:37.708" level="WARN">Keyword 'RequestsLibrary.Post Request' is deprecated. Please use `POST On Session` instead.</msg>
<msg timestamp="20221230 16:29:37.711" level="WARN">Keyword 'RequestsLibrary.Get Request' is deprecated. Please use `GET On Session` instead.</msg>
<msg timestamp="20221230 16:29:37.713" level="WARN">Keyword 'RequestsLibrary.Post Request' is deprecated. Please use `POST On Session` instead.</msg>
<msg timestamp="20221230 16:29:37.716" level="WARN">Keyword 'RequestsLibrary.Post Request' is deprecated. Please use `POST On Session` instead.</msg>
<msg timestamp="20221230 16:29:37.718" level="WARN">Keyword 'RequestsLibrary.Get Request' is deprecated. Please use `GET On Session` instead.</msg>
<msg timestamp="20221230 16:29:37.720" level="WARN">Keyword 'RequestsLibrary.Post Request' is deprecated. Please use `POST On Session` instead.</msg>
<msg timestamp="20221230 16:29:37.723" level="WARN">Keyword 'RequestsLibrary.Post Request' is deprecated. Please use `POST On Session` instead.</msg>
<msg timestamp="20221230 16:29:37.726" level="WARN">Keyword 'RequestsLibrary.Get Request' is deprecated. Please use `GET On Session` instead.</msg>
<msg timestamp="20221230 16:29:37.728" level="WARN">Keyword 'RequestsLibrary.Post Request' is deprecated. Please use `POST On Session` instead.</msg>
<msg timestamp="20221230 16:29:37.730" level="WARN">Keyword 'RequestsLibrary.Post Request' is deprecated. Please use `POST On Session` instead.</msg>
<msg timestamp="20221230 16:29:37.733" level="WARN">Keyword 'RequestsLibrary.Get Request' is deprecated. Please use `GET On Session` instead.</msg>
<msg timestamp="20221230 16:29:37.736" level="WARN">Keyword 'RequestsLibrary.Post Request' is deprecated. Please use `POST On Session` instead.</msg>
<msg timestamp="20221230 16:29:37.738" level="WARN">Keyword 'RequestsLibrary.Post Request' is deprecated. Please use `POST On Session` instead.</msg>
<msg timestamp="20221230 16:29:37.741" level="WARN">Keyword 'RequestsLibrary.Get Request' is deprecated. Please use `GET On Session` instead.</msg>
<msg timestamp="20221230 16:29:37.744" level="WARN">Keyword 'RequestsLibrary.Post Request' is deprecated. Please use `POST On Session` instead.</msg>
<msg timestamp="20221230 16:29:37.746" level="WARN">Keyword 'RequestsLibrary.Post Request' is deprecated. Please use `POST On Session` instead.</msg>
<msg timestamp="20221230 16:29:37.749" level="WARN">Keyword 'RequestsLibrary.Get Request' is deprecated. Please use `GET On Session` instead.</msg>
<msg timestamp="20221230 16:29:37.751" level="WARN">Keyword 'RequestsLibrary.Post Request' is deprecated. Please use `POST On Session` instead.</msg>
<msg timestamp="20221230 16:29:37.755" level="WARN">Keyword 'RequestsLibrary.Post Request' is deprecated. Please use `POST On Session` instead.</msg>
<msg timestamp="20221230 16:29:37.757" level="WARN">Keyword 'RequestsLibrary.Get Request' is deprecated. Please use `GET On Session` instead.</msg>
<msg timestamp="20221230 16:29:37.760" level="WARN">Keyword 'RequestsLibrary.Post Request' is deprecated. Please use `POST On Session` instead.</msg>
<msg timestamp="20221230 16:29:37.763" level="WARN">Keyword 'RequestsLibrary.Post Request' is deprecated. Please use `POST On Session` instead.</msg>
<msg timestamp="20221230 16:29:37.765" level="WARN">Keyword 'RequestsLibrary.Get Request' is deprecated. Please use `GET On Session` instead.</msg>
<msg timestamp="20221230 16:29:37.768" level="WARN">Keyword 'RequestsLibrary.Post Request' is deprecated. Please use `POST On Session` instead.</msg>
<msg timestamp="20221230 16:29:37.771" level="WARN">Keyword 'RequestsLibrary.Post Request' is deprecated. Please use `POST On Session` instead.</msg>
<msg timestamp="20221230 16:29:37.773" level="WARN">Keyword 'RequestsLibrary.Get Request' is deprecated. Please use `GET On Session` instead.</msg>
<msg timestamp="20221230 16:29:37.776" level="WARN">Keyword 'RequestsLibrary.Post Request' is deprecated. Please use `POST On Session` instead.</msg>
<msg timestamp="20221230 16:29:37.779" level="WARN">Keyword 'RequestsLibrary.Post Request' is deprecated. Please use `POST On Session` instead.</msg>
<msg timestamp="20221230 16:29:37.781" level="WARN">Keyword 'RequestsLibrary.Get Request' is deprecated. Please use `GET On Session` instead.</msg>
<msg timestamp="20221230 16:29:37.784" level="WARN">Keyword 'RequestsLibrary.Post Request' is deprecated. Please use `POST On Session` instead.</msg>
<msg timestamp="20221230 16:29:37.787" level="WARN">Keyword 'RequestsLibrary.Post Request' is deprecated. Please use `POST On Session` instead.</msg>
<msg timestamp="20221230 16:29:37.790" level="WARN">Keyword 'RequestsLibrary.Get Request' is deprecated. Please use `GET On Session` instead.</msg>
<msg timestamp="20221230 16:29:37.792" level="WARN">Keyword 'RequestsLibrary.Post Request' is deprecated. Please use `POST On Session` instead.</msg>
<msg timestamp="20221230 16:29:37.795" level="WARN">Keyword 'RequestsLibrary.Post Request' is deprecated. Please use `POST On Session` instead.</msg>
<msg timestamp="20221230 16:29:37.798" level="WARN">Keyword 'RequestsLibrary.Get Request' is deprecated. Please use `GET On Session` instead.</msg>
<msg timestamp="20221230 16:29:37.801" level="WARN">Keyword 'RequestsLibrary.Post Request' is deprecated. Please use `POST On Session` instead.</msg>
<msg timestamp="20221230 16:29:37.805" level="WARN">Keyword 'RequestsLibrary.Get Request' is deprecated. Please use `GET On Session` instead.</msg>
<msg timestamp="20221230 16:29:37.809" level="WARN">Keyword 'RequestsLibrary.Get Request' is deprecated. Please use `GET On Session` instead.</msg>
</errors>
</robot>
